New log file opened at Wed Oct 19 17:31:47 CEST 2016 by 21180@DESKTOP-093DMDB
jvm 21180@DESKTOP-093DMDB
jvm vmName=Java HotSpot(TM) 64-Bit Server VM vmVendor=Oracle Corporation vmVersion=25.101-b13
jvm specName=Java Virtual Machine Specification specVendor=Oracle Corporation specVersion=1.8
jvm arguments: [-Xms256m, -Xmx1024m, -XX:MetaspaceSize=64m, -XX:MaxMetaspaceSize=256m]
Starting event engine
Starting sbt command engine
Waiting for sbt command engine
Command engine arguments=List()
Command engine baseDirectory=C:\Users\kiese\Dropbox\AIN_HTWG\5Sem\03WebTechnologien(Boger)\StrategoWeb
Command engine initial remaining commands List(--initialize, onFailure load-failed, boot, server-send-ready-for-request, server-handle-next-server-request)
> --initialize
> initialize
> onFailure load-failed
> boot
> reload
[Loading] Scanning directory C:\Users\kiese\Dropbox\AIN_HTWG\5Sem\03WebTechnologien(Boger)\StrategoWeb\project
[Loading] Found non-root projects 
[Loading] Done in C:\Users\kiese\Dropbox\AIN_HTWG\5Sem\03WebTechnologien(Boger)\StrategoWeb\project, returning: ()
deducing auto plugins based on known facts Set(Atom(sbt.plugins.CorePlugin)) and clauses Clauses(List(Clause(Atom(sbt.plugins.JvmPlugin),Set(Atom(sbt.plugins.IvyPlugin))), Clause(Atom(sbt.plugins.JUnitXmlReportPlugin),Set(Atom(sbt.plugins.JvmPlugin))), Clause(Atom(sbt.plugins.CorePlugin),Set(Atom(sbt.plugins.IvyPlugin))), Clause(Atom(sbt.plugins.IvyPlugin),Set(Atom(sbt.plugins.JvmPlugin))), Clause(Atom(sbt.plugins.JvmPlugin),Set(Atom(sbt.plugins.JUnitXmlReportPlugin)))))
  :: deduced result: Matched(sbt.plugins.CorePlugin,sbt.plugins.IvyPlugin,sbt.plugins.JvmPlugin,sbt.plugins.JUnitXmlReportPlugin)
sorting: ns: List(sbt.plugins.CorePlugin, sbt.plugins.IvyPlugin, sbt.plugins.JvmPlugin, sbt.plugins.JUnitXmlReportPlugin)
  :: sorting:: found: List(sbt.plugins.CorePlugin) not found List(sbt.plugins.IvyPlugin, sbt.plugins.JvmPlugin, sbt.plugins.JUnitXmlReportPlugin)
  :: sorting:: found: List(sbt.plugins.CorePlugin, sbt.plugins.IvyPlugin) not found List(sbt.plugins.JvmPlugin, sbt.plugins.JUnitXmlReportPlugin)
  :: sorting:: found: List(sbt.plugins.CorePlugin, sbt.plugins.IvyPlugin, sbt.plugins.JvmPlugin) not found List(sbt.plugins.JUnitXmlReportPlugin)
  :: sorting:: found: List(sbt.plugins.CorePlugin, sbt.plugins.IvyPlugin, sbt.plugins.JvmPlugin, sbt.plugins.JUnitXmlReportPlugin) not found List()
  :: sorted deduced result: List(sbt.plugins.CorePlugin, sbt.plugins.IvyPlugin, sbt.plugins.JvmPlugin, sbt.plugins.JUnitXmlReportPlugin)
[Loading] Done in C:\Users\kiese\Dropbox\AIN_HTWG\5Sem\03WebTechnologien(Boger)\StrategoWeb\project, returning: (strategoweb-build)
Loading project definition from C:\Users\kiese\Dropbox\AIN_HTWG\5Sem\03WebTechnologien(Boger)\StrategoWeb\project
Running task... Cancel: sbt.TaskCancellationStrategy$Null$@3da2e683, check cycles: false

Initial source changes: 
	removed:Set()
	added: Set()
	modified: Set()
Removed products: Set()
External API changes: API Changes: Set()
Modified binary dependencies: Set()
Initial directly invalidated sources: Set()

Sources indirectly invalidated by:
	product: Set()
	binary dep: Set()
	external source: Set()
All initially invalidated sources: Set()

Copy resource mappings: 
	
[Loading] Scanning directory C:\Users\kiese\Dropbox\AIN_HTWG\5Sem\03WebTechnologien(Boger)\StrategoWeb
[Loading] Found root project root w/ remaining 
deducing auto plugins based on known facts Set(Atom(play.sbt.PlayJava), Atom(sbt.plugins.CorePlugin)) and clauses Clauses(List(Clause(Atom(sbt.plugins.JvmPlugin),Set(Atom(sbt.plugins.IvyPlugin))), Clause(Atom(sbt.plugins.JUnitXmlReportPlugin),Set(Atom(sbt.plugins.JvmPlugin))), Clause(Atom(com.typesafe.sbteclipse.plugin.EclipsePlugin),Set(Atom(sbt.plugins.JvmPlugin))), Clause(Atom(play.sbt.forkrun.PlayForkRun),Set(Atom(sbt.plugins.BackgroundRunPlugin))), Clause(Atom(play.sbt.forkrun.PlayForkRun),Set(Atom(play.sbt.Play))), Clause(Atom(play.sbt.forkrun.PlayForkRun),Set(Atom(sbt.plugins.SerializersPlugin))), Clause(Atom(play.sbt.Play),Set(Atom(com.typesafe.sbt.packager.archetypes.JavaServerAppPackaging))), Clause(Atom(play.sbt.Play),Set(Atom(play.sbt.routes.RoutesCompiler))), Clause(Atom(play.sbt.Play),Set(Atom(play.twirl.sbt.SbtTwirl))), Clause(Atom(play.sbt.Play),Set(Atom(com.typesafe.sbt.jse.SbtJsTask))), Clause(Atom(play.sbt.PlayAkkaHttpServer),Set(Atom(play.sbt.Play))), Clause(Atom(play.sbt.PlayJava),Set(Atom(play.sbt.Play))), Clause(Atom(play.sbt.PlayLayoutPlugin),Set(Atom(play.sbt.Play))), Clause(Atom(play.sbt.PlayLogback),Set(Atom(play.sbt.Play))), Clause(Atom(play.sbt.PlayNettyServer),Set(Atom(play.sbt.Play))), Clause(Atom(play.sbt.PlayScala),Set(Atom(play.sbt.Play))), Clause(Atom(play.sbt.routes.RoutesCompiler),Set(Atom(sbt.plugins.JvmPlugin))), Clause(Atom(play.twirl.sbt.SbtTwirl),Set(Atom(sbt.plugins.JvmPlugin))), Clause(Atom(com.typesafe.sbt.packager.archetypes.AkkaAppPackaging),Set(Atom(com.typesafe.sbt.packager.archetypes.JavaAppPackaging))), Clause(Atom(com.typesafe.sbt.packager.archetypes.JavaAppPackaging),Set(Atom(com.typesafe.sbt.packager.windows.WindowsPlugin))), Clause(Atom(com.typesafe.sbt.packager.archetypes.JavaAppPackaging),Set(Atom(com.typesafe.sbt.packager.docker.DockerPlugin))), Clause(Atom(com.typesafe.sbt.packager.archetypes.JavaAppPackaging),Set(Atom(com.typesafe.sbt.packager.debian.DebianPlugin))), Clause(Atom(com.typesafe.sbt.packager.archetypes.JavaAppPackaging),Set(Atom(com.typesafe.sbt.packager.rpm.RpmPlugin))), Clause(Atom(com.typesafe.sbt.packager.archetypes.JavaServerAppPackaging),Set(Atom(com.typesafe.sbt.packager.archetypes.JavaAppPackaging))), Clause(Atom(com.typesafe.sbt.packager.archetypes.jar.ClasspathJarPlugin),Set(Atom(com.typesafe.sbt.packager.archetypes.JavaAppPackaging))), Clause(Atom(com.typesafe.sbt.packager.archetypes.jar.LauncherJarPlugin),Set(Atom(com.typesafe.sbt.packager.archetypes.JavaAppPackaging))), Clause(Atom(com.typesafe.sbt.packager.debian.DebianDeployPlugin),Set(Atom(com.typesafe.sbt.packager.debian.DebianPlugin))), Clause(Atom(com.typesafe.sbt.packager.debian.DebianPlugin),Set(Atom(com.typesafe.sbt.packager.linux.LinuxPlugin))), Clause(Atom(com.typesafe.sbt.packager.debian.JDebPackaging),Set(Atom(com.typesafe.sbt.packager.debian.DebianPlugin))), Clause(Atom(com.typesafe.sbt.packager.docker.DockerPlugin),Set(Atom(com.typesafe.sbt.packager.universal.UniversalPlugin))), Clause(Atom(com.typesafe.sbt.packager.jdkpackager.JDKPackagerDeployPlugin),Set(Atom(com.typesafe.sbt.packager.jdkpackager.JDKPackagerPlugin))), Clause(Atom(com.typesafe.sbt.packager.jdkpackager.JDKPackagerPlugin),Set(Atom(com.typesafe.sbt.packager.archetypes.JavaAppPackaging))), Clause(Atom(com.typesafe.sbt.packager.jdkpackager.JDKPackagerPlugin),Set(Atom(com.typesafe.sbt.packager.archetypes.jar.LauncherJarPlugin))), Clause(Atom(com.typesafe.sbt.packager.linux.LinuxPlugin),Set(Atom(com.typesafe.sbt.packager.universal.UniversalPlugin))), Clause(Atom(com.typesafe.sbt.packager.rpm.RpmDeployPlugin),Set(Atom(com.typesafe.sbt.packager.rpm.RpmPlugin))), Clause(Atom(com.typesafe.sbt.packager.rpm.RpmPlugin),Set(Atom(com.typesafe.sbt.packager.linux.LinuxPlugin))), Clause(Atom(com.typesafe.sbt.packager.universal.UniversalDeployPlugin),Set(Atom(com.typesafe.sbt.packager.universal.UniversalPlugin))), Clause(Atom(com.typesafe.sbt.packager.universal.UniversalPlugin),Set(Atom(com.typesafe.sbt.SbtNativePackager))), Clause(Atom(com.typesafe.sbt.packager.windows.WindowsDeployPlugin),Set(Atom(com.typesafe.sbt.packager.windows.WindowsPlugin))), Clause(Atom(com.typesafe.sbt.packager.windows.WindowsPlugin),Set(Atom(com.typesafe.sbt.packager.universal.UniversalPlugin))), Clause(Atom(com.typesafe.sbt.web.SbtWeb),Set(Atom(sbt.plugins.JvmPlugin))), Clause(Atom(sbt.plugins.BackgroundRunPlugin),Set(Atom(sbt.plugins.JvmPlugin))), Clause(Atom(com.typesafe.sbt.coffeescript.SbtCoffeeScript),Set(Atom(com.typesafe.sbt.jse.SbtJsTask))), Clause(Atom(com.typesafe.sbt.less.SbtLess),Set(Atom(com.typesafe.sbt.jse.SbtJsTask))), Clause(Atom(com.typesafe.sbt.jshint.SbtJSHint),Set(Atom(com.typesafe.sbt.jse.SbtJsTask))), Clause(Atom(com.typesafe.sbt.rjs.SbtRjs),Set(Atom(com.typesafe.sbt.jse.SbtJsTask))), Clause(Atom(com.typesafe.sbt.jse.SbtJsEngine),Set(Atom(com.typesafe.sbt.web.SbtWeb))), Clause(Atom(com.typesafe.sbt.jse.SbtJsTask),Set(Atom(com.typesafe.sbt.jse.SbtJsEngine))), Clause(Atom(com.typesafe.sbt.digest.SbtDigest),Set(Atom(com.typesafe.sbt.web.SbtWeb))), Clause(Atom(com.typesafe.sbt.mocha.SbtMocha),Set(Atom(com.typesafe.sbt.jse.SbtJsTask))), Clause(Atom(org.irundaia.sbt.sass.SbtSassify),Set(Atom(com.typesafe.sbt.web.SbtWeb))), Clause(Atom(com.typesafe.play.sbt.enhancer.PlayEnhancer),Set(Atom(sbt.plugins.JvmPlugin))), Clause(Atom(sbt.plugins.CorePlugin),Set(Atom(sbt.plugins.IvyPlugin))), Clause(Atom(sbt.plugins.IvyPlugin),Set(Atom(sbt.plugins.JvmPlugin))), Clause(Atom(sbt.plugins.JvmPlugin),Set(Atom(sbt.plugins.JUnitXmlReportPlugin))), Clause(Atom(sbt.plugins.JvmPlugin),Set(Atom(com.typesafe.sbteclipse.plugin.EclipsePlugin))), Clause(And(Set(Atom(sbt.plugins.BackgroundRunPlugin), Atom(play.sbt.Play), Atom(sbt.plugins.SerializersPlugin))),Set(Atom(play.sbt.forkrun.PlayForkRun))), Clause(Atom(play.sbt.Play),Set(Atom(play.sbt.PlayLayoutPlugin))), Clause(Atom(play.sbt.Play),Set(Atom(play.sbt.PlayLogback))), Clause(Atom(play.sbt.Play),Set(Atom(play.sbt.PlayNettyServer))), Clause(Atom(sbt.plugins.JvmPlugin),Set(Atom(sbt.plugins.BackgroundRunPlugin))), Clause(Atom(sbt.plugins.CorePlugin),Set(Atom(sbt.plugins.InteractionServicePlugin))), Clause(Atom(sbt.plugins.CorePlugin),Set(Atom(sbt.plugins.SendEventServicePlugin))), Clause(Atom(sbt.plugins.CorePlugin),Set(Atom(sbt.plugins.SerializersPlugin))), Clause(Atom(com.typesafe.sbt.jse.SbtJsTask),Set(Atom(com.typesafe.sbt.coffeescript.SbtCoffeeScript))), Clause(Atom(com.typesafe.sbt.jse.SbtJsTask),Set(Atom(com.typesafe.sbt.less.SbtLess))), Clause(Atom(com.typesafe.sbt.jse.SbtJsTask),Set(Atom(com.typesafe.sbt.jshint.SbtJSHint))), Clause(Atom(com.typesafe.sbt.jse.SbtJsTask),Set(Atom(com.typesafe.sbt.rjs.SbtRjs))), Clause(Atom(com.typesafe.sbt.web.SbtWeb),Set(Atom(com.typesafe.sbt.jse.SbtJsEngine))), Clause(Atom(com.typesafe.sbt.jse.SbtJsEngine),Set(Atom(com.typesafe.sbt.jse.SbtJsTask))), Clause(Atom(com.typesafe.sbt.web.SbtWeb),Set(Atom(com.typesafe.sbt.digest.SbtDigest))), Clause(Atom(com.typesafe.sbt.jse.SbtJsTask),Set(Atom(com.typesafe.sbt.mocha.SbtMocha))), Clause(Atom(com.typesafe.sbt.web.SbtWeb),Set(Atom(org.irundaia.sbt.sass.SbtSassify))), Clause(Atom(sbt.plugins.JvmPlugin),Set(Atom(com.typesafe.play.sbt.enhancer.PlayEnhancer)))))
  :: deduced result: Matched(sbt.plugins.CorePlugin,play.sbt.PlayJava,sbt.plugins.InteractionServicePlugin,sbt.plugins.SendEventServicePlugin,play.sbt.Play,sbt.plugins.SerializersPlugin,sbt.plugins.IvyPlugin,com.typesafe.sbt.packager.archetypes.JavaServerAppPackaging,play.twirl.sbt.SbtTwirl,sbt.plugins.JvmPlugin,play.sbt.PlayNettyServer,play.sbt.PlayLayoutPlugin,play.sbt.routes.RoutesCompiler,play.sbt.PlayLogback,com.typesafe.sbt.jse.SbtJsTask,com.typesafe.sbt.jshint.SbtJSHint,com.typesafe.sbteclipse.plugin.EclipsePlugin,com.typesafe.play.sbt.enhancer.PlayEnhancer,com.typesafe.sbt.packager.archetypes.JavaAppPackaging,sbt.plugins.JUnitXmlReportPlugin,com.typesafe.sbt.mocha.SbtMocha,com.typesafe.sbt.less.SbtLess,com.typesafe.sbt.rjs.SbtRjs,com.typesafe.sbt.jse.SbtJsEngine,com.typesafe.sbt.coffeescript.SbtCoffeeScript,sbt.plugins.BackgroundRunPlugin,com.typesafe.sbt.packager.rpm.RpmPlugin,com.typesafe.sbt.packager.windows.WindowsPlugin,com.typesafe.sbt.web.SbtWeb,com.typesafe.sbt.packager.docker.DockerPlugin,play.sbt.forkrun.PlayForkRun,com.typesafe.sbt.packager.debian.DebianPlugin,org.irundaia.sbt.sass.SbtSassify,com.typesafe.sbt.digest.SbtDigest,com.typesafe.sbt.packager.universal.UniversalPlugin,com.typesafe.sbt.packager.linux.LinuxPlugin,com.typesafe.sbt.SbtNativePackager)
sorting: ns: List(sbt.plugins.CorePlugin, play.sbt.PlayJava, sbt.plugins.InteractionServicePlugin, sbt.plugins.SendEventServicePlugin, play.sbt.Play, sbt.plugins.SerializersPlugin, sbt.plugins.IvyPlugin, com.typesafe.sbt.packager.archetypes.JavaServerAppPackaging, play.twirl.sbt.SbtTwirl, sbt.plugins.JvmPlugin, play.sbt.PlayNettyServer, play.sbt.PlayLayoutPlugin, play.sbt.routes.RoutesCompiler, play.sbt.PlayLogback, com.typesafe.sbt.jse.SbtJsTask, com.typesafe.sbt.jshint.SbtJSHint, com.typesafe.sbteclipse.plugin.EclipsePlugin, com.typesafe.play.sbt.enhancer.PlayEnhancer, com.typesafe.sbt.packager.archetypes.JavaAppPackaging, sbt.plugins.JUnitXmlReportPlugin, com.typesafe.sbt.mocha.SbtMocha, com.typesafe.sbt.less.SbtLess, com.typesafe.sbt.rjs.SbtRjs, com.typesafe.sbt.jse.SbtJsEngine, com.typesafe.sbt.coffeescript.SbtCoffeeScript, sbt.plugins.BackgroundRunPlugin, com.typesafe.sbt.packager.rpm.RpmPlugin, com.typesafe.sbt.packager.windows.WindowsPlugin, com.typesafe.sbt.web.SbtWeb, com.typesafe.sbt.packager.docker.DockerPlugin, play.sbt.forkrun.PlayForkRun, com.typesafe.sbt.packager.debian.DebianPlugin, org.irundaia.sbt.sass.SbtSassify, com.typesafe.sbt.digest.SbtDigest, com.typesafe.sbt.packager.universal.UniversalPlugin, com.typesafe.sbt.packager.linux.LinuxPlugin, com.typesafe.sbt.SbtNativePackager)
  :: sorting:: found: List(sbt.plugins.CorePlugin, com.typesafe.sbt.SbtNativePackager) not found List(play.sbt.PlayJava, sbt.plugins.InteractionServicePlugin, sbt.plugins.SendEventServicePlugin, play.sbt.Play, sbt.plugins.SerializersPlugin, sbt.plugins.IvyPlugin, com.typesafe.sbt.packager.archetypes.JavaServerAppPackaging, play.twirl.sbt.SbtTwirl, sbt.plugins.JvmPlugin, play.sbt.PlayNettyServer, play.sbt.PlayLayoutPlugin, play.sbt.routes.RoutesCompiler, play.sbt.PlayLogback, com.typesafe.sbt.jse.SbtJsTask, com.typesafe.sbt.jshint.SbtJSHint, com.typesafe.sbteclipse.plugin.EclipsePlugin, com.typesafe.play.sbt.enhancer.PlayEnhancer, com.typesafe.sbt.packager.archetypes.JavaAppPackaging, sbt.plugins.JUnitXmlReportPlugin, com.typesafe.sbt.mocha.SbtMocha, com.typesafe.sbt.less.SbtLess, com.typesafe.sbt.rjs.SbtRjs, com.typesafe.sbt.jse.SbtJsEngine, com.typesafe.sbt.coffeescript.SbtCoffeeScript, sbt.plugins.BackgroundRunPlugin, com.typesafe.sbt.packager.rpm.RpmPlugin, com.typesafe.sbt.packager.windows.WindowsPlugin, com.typesafe.sbt.web.SbtWeb, com.typesafe.sbt.packager.docker.DockerPlugin, play.sbt.forkrun.PlayForkRun, com.typesafe.sbt.packager.debian.DebianPlugin, org.irundaia.sbt.sass.SbtSassify, com.typesafe.sbt.digest.SbtDigest, com.typesafe.sbt.packager.universal.UniversalPlugin, com.typesafe.sbt.packager.linux.LinuxPlugin)
  :: sorting:: found: List(sbt.plugins.CorePlugin, com.typesafe.sbt.SbtNativePackager, sbt.plugins.InteractionServicePlugin, sbt.plugins.SendEventServicePlugin, sbt.plugins.SerializersPlugin, sbt.plugins.IvyPlugin, com.typesafe.sbt.packager.universal.UniversalPlugin) not found List(play.sbt.PlayJava, play.sbt.Play, com.typesafe.sbt.packager.archetypes.JavaServerAppPackaging, play.twirl.sbt.SbtTwirl, sbt.plugins.JvmPlugin, play.sbt.PlayNettyServer, play.sbt.PlayLayoutPlugin, play.sbt.routes.RoutesCompiler, play.sbt.PlayLogback, com.typesafe.sbt.jse.SbtJsTask, com.typesafe.sbt.jshint.SbtJSHint, com.typesafe.sbteclipse.plugin.EclipsePlugin, com.typesafe.play.sbt.enhancer.PlayEnhancer, com.typesafe.sbt.packager.archetypes.JavaAppPackaging, sbt.plugins.JUnitXmlReportPlugin, com.typesafe.sbt.mocha.SbtMocha, com.typesafe.sbt.less.SbtLess, com.typesafe.sbt.rjs.SbtRjs, com.typesafe.sbt.jse.SbtJsEngine, com.typesafe.sbt.coffeescript.SbtCoffeeScript, sbt.plugins.BackgroundRunPlugin, com.typesafe.sbt.packager.rpm.RpmPlugin, com.typesafe.sbt.packager.windows.WindowsPlugin, com.typesafe.sbt.web.SbtWeb, com.typesafe.sbt.packager.docker.DockerPlugin, play.sbt.forkrun.PlayForkRun, com.typesafe.sbt.packager.debian.DebianPlugin, org.irundaia.sbt.sass.SbtSassify, com.typesafe.sbt.digest.SbtDigest, com.typesafe.sbt.packager.linux.LinuxPlugin)
  :: sorting:: found: List(sbt.plugins.CorePlugin, com.typesafe.sbt.SbtNativePackager, sbt.plugins.InteractionServicePlugin, sbt.plugins.SendEventServicePlugin, sbt.plugins.SerializersPlugin, sbt.plugins.IvyPlugin, com.typesafe.sbt.packager.universal.UniversalPlugin, sbt.plugins.JvmPlugin, com.typesafe.sbt.packager.windows.WindowsPlugin, com.typesafe.sbt.packager.docker.DockerPlugin, com.typesafe.sbt.packager.linux.LinuxPlugin) not found List(play.sbt.PlayJava, play.sbt.Play, com.typesafe.sbt.packager.archetypes.JavaServerAppPackaging, play.twirl.sbt.SbtTwirl, play.sbt.PlayNettyServer, play.sbt.PlayLayoutPlugin, play.sbt.routes.RoutesCompiler, play.sbt.PlayLogback, com.typesafe.sbt.jse.SbtJsTask, com.typesafe.sbt.jshint.SbtJSHint, com.typesafe.sbteclipse.plugin.EclipsePlugin, com.typesafe.play.sbt.enhancer.PlayEnhancer, com.typesafe.sbt.packager.archetypes.JavaAppPackaging, sbt.plugins.JUnitXmlReportPlugin, com.typesafe.sbt.mocha.SbtMocha, com.typesafe.sbt.less.SbtLess, com.typesafe.sbt.rjs.SbtRjs, com.typesafe.sbt.jse.SbtJsEngine, com.typesafe.sbt.coffeescript.SbtCoffeeScript, sbt.plugins.BackgroundRunPlugin, com.typesafe.sbt.packager.rpm.RpmPlugin, com.typesafe.sbt.web.SbtWeb, play.sbt.forkrun.PlayForkRun, com.typesafe.sbt.packager.debian.DebianPlugin, org.irundaia.sbt.sass.SbtSassify, com.typesafe.sbt.digest.SbtDigest)
  :: sorting:: found: List(sbt.plugins.CorePlugin, com.typesafe.sbt.SbtNativePackager, sbt.plugins.InteractionServicePlugin, sbt.plugins.SendEventServicePlugin, sbt.plugins.SerializersPlugin, sbt.plugins.IvyPlugin, com.typesafe.sbt.packager.universal.UniversalPlugin, sbt.plugins.JvmPlugin, com.typesafe.sbt.packager.windows.WindowsPlugin, com.typesafe.sbt.packager.docker.DockerPlugin, com.typesafe.sbt.packager.linux.LinuxPlugin, play.twirl.sbt.SbtTwirl, play.sbt.routes.RoutesCompiler, com.typesafe.sbteclipse.plugin.EclipsePlugin, com.typesafe.play.sbt.enhancer.PlayEnhancer, sbt.plugins.JUnitXmlReportPlugin, sbt.plugins.BackgroundRunPlugin, com.typesafe.sbt.packager.rpm.RpmPlugin, com.typesafe.sbt.web.SbtWeb, com.typesafe.sbt.packager.debian.DebianPlugin) not found List(play.sbt.PlayJava, play.sbt.Play, com.typesafe.sbt.packager.archetypes.JavaServerAppPackaging, play.sbt.PlayNettyServer, play.sbt.PlayLayoutPlugin, play.sbt.PlayLogback, com.typesafe.sbt.jse.SbtJsTask, com.typesafe.sbt.jshint.SbtJSHint, com.typesafe.sbt.packager.archetypes.JavaAppPackaging, com.typesafe.sbt.mocha.SbtMocha, com.typesafe.sbt.less.SbtLess, com.typesafe.sbt.rjs.SbtRjs, com.typesafe.sbt.jse.SbtJsEngine, com.typesafe.sbt.coffeescript.SbtCoffeeScript, play.sbt.forkrun.PlayForkRun, org.irundaia.sbt.sass.SbtSassify, com.typesafe.sbt.digest.SbtDigest)
  :: sorting:: found: List(sbt.plugins.CorePlugin, com.typesafe.sbt.SbtNativePackager, sbt.plugins.InteractionServicePlugin, sbt.plugins.SendEventServicePlugin, sbt.plugins.SerializersPlugin, sbt.plugins.IvyPlugin, com.typesafe.sbt.packager.universal.UniversalPlugin, sbt.plugins.JvmPlugin, com.typesafe.sbt.packager.windows.WindowsPlugin, com.typesafe.sbt.packager.docker.DockerPlugin, com.typesafe.sbt.packager.linux.LinuxPlugin, play.twirl.sbt.SbtTwirl, play.sbt.routes.RoutesCompiler, com.typesafe.sbteclipse.plugin.EclipsePlugin, com.typesafe.play.sbt.enhancer.PlayEnhancer, sbt.plugins.JUnitXmlReportPlugin, sbt.plugins.BackgroundRunPlugin, com.typesafe.sbt.packager.rpm.RpmPlugin, com.typesafe.sbt.web.SbtWeb, com.typesafe.sbt.packager.debian.DebianPlugin, com.typesafe.sbt.packager.archetypes.JavaAppPackaging, com.typesafe.sbt.jse.SbtJsEngine, org.irundaia.sbt.sass.SbtSassify, com.typesafe.sbt.digest.SbtDigest) not found List(play.sbt.PlayJava, play.sbt.Play, com.typesafe.sbt.packager.archetypes.JavaServerAppPackaging, play.sbt.PlayNettyServer, play.sbt.PlayLayoutPlugin, play.sbt.PlayLogback, com.typesafe.sbt.jse.SbtJsTask, com.typesafe.sbt.jshint.SbtJSHint, com.typesafe.sbt.mocha.SbtMocha, com.typesafe.sbt.less.SbtLess, com.typesafe.sbt.rjs.SbtRjs, com.typesafe.sbt.coffeescript.SbtCoffeeScript, play.sbt.forkrun.PlayForkRun)
  :: sorting:: found: List(sbt.plugins.CorePlugin, com.typesafe.sbt.SbtNativePackager, sbt.plugins.InteractionServicePlugin, sbt.plugins.SendEventServicePlugin, sbt.plugins.SerializersPlugin, sbt.plugins.IvyPlugin, com.typesafe.sbt.packager.universal.UniversalPlugin, sbt.plugins.JvmPlugin, com.typesafe.sbt.packager.windows.WindowsPlugin, com.typesafe.sbt.packager.docker.DockerPlugin, com.typesafe.sbt.packager.linux.LinuxPlugin, play.twirl.sbt.SbtTwirl, play.sbt.routes.RoutesCompiler, com.typesafe.sbteclipse.plugin.EclipsePlugin, com.typesafe.play.sbt.enhancer.PlayEnhancer, sbt.plugins.JUnitXmlReportPlugin, sbt.plugins.BackgroundRunPlugin, com.typesafe.sbt.packager.rpm.RpmPlugin, com.typesafe.sbt.web.SbtWeb, com.typesafe.sbt.packager.debian.DebianPlugin, com.typesafe.sbt.packager.archetypes.JavaAppPackaging, com.typesafe.sbt.jse.SbtJsEngine, org.irundaia.sbt.sass.SbtSassify, com.typesafe.sbt.digest.SbtDigest, com.typesafe.sbt.packager.archetypes.JavaServerAppPackaging, com.typesafe.sbt.jse.SbtJsTask) not found List(play.sbt.PlayJava, play.sbt.Play, play.sbt.PlayNettyServer, play.sbt.PlayLayoutPlugin, play.sbt.PlayLogback, com.typesafe.sbt.jshint.SbtJSHint, com.typesafe.sbt.mocha.SbtMocha, com.typesafe.sbt.less.SbtLess, com.typesafe.sbt.rjs.SbtRjs, com.typesafe.sbt.coffeescript.SbtCoffeeScript, play.sbt.forkrun.PlayForkRun)
  :: sorting:: found: List(sbt.plugins.CorePlugin, com.typesafe.sbt.SbtNativePackager, sbt.plugins.InteractionServicePlugin, sbt.plugins.SendEventServicePlugin, sbt.plugins.SerializersPlugin, sbt.plugins.IvyPlugin, com.typesafe.sbt.packager.universal.UniversalPlugin, sbt.plugins.JvmPlugin, com.typesafe.sbt.packager.windows.WindowsPlugin, com.typesafe.sbt.packager.docker.DockerPlugin, com.typesafe.sbt.packager.linux.LinuxPlugin, play.twirl.sbt.SbtTwirl, play.sbt.routes.RoutesCompiler, com.typesafe.sbteclipse.plugin.EclipsePlugin, com.typesafe.play.sbt.enhancer.PlayEnhancer, sbt.plugins.JUnitXmlReportPlugin, sbt.plugins.BackgroundRunPlugin, com.typesafe.sbt.packager.rpm.RpmPlugin, com.typesafe.sbt.web.SbtWeb, com.typesafe.sbt.packager.debian.DebianPlugin, com.typesafe.sbt.packager.archetypes.JavaAppPackaging, com.typesafe.sbt.jse.SbtJsEngine, org.irundaia.sbt.sass.SbtSassify, com.typesafe.sbt.digest.SbtDigest, com.typesafe.sbt.packager.archetypes.JavaServerAppPackaging, com.typesafe.sbt.jse.SbtJsTask, play.sbt.Play, com.typesafe.sbt.jshint.SbtJSHint, com.typesafe.sbt.mocha.SbtMocha, com.typesafe.sbt.less.SbtLess, com.typesafe.sbt.rjs.SbtRjs, com.typesafe.sbt.coffeescript.SbtCoffeeScript) not found List(play.sbt.PlayJava, play.sbt.PlayNettyServer, play.sbt.PlayLayoutPlugin, play.sbt.PlayLogback, play.sbt.forkrun.PlayForkRun)
  :: sorting:: found: List(sbt.plugins.CorePlugin, com.typesafe.sbt.SbtNativePackager, sbt.plugins.InteractionServicePlugin, sbt.plugins.SendEventServicePlugin, sbt.plugins.SerializersPlugin, sbt.plugins.IvyPlugin, com.typesafe.sbt.packager.universal.UniversalPlugin, sbt.plugins.JvmPlugin, com.typesafe.sbt.packager.windows.WindowsPlugin, com.typesafe.sbt.packager.docker.DockerPlugin, com.typesafe.sbt.packager.linux.LinuxPlugin, play.twirl.sbt.SbtTwirl, play.sbt.routes.RoutesCompiler, com.typesafe.sbteclipse.plugin.EclipsePlugin, com.typesafe.play.sbt.enhancer.PlayEnhancer, sbt.plugins.JUnitXmlReportPlugin, sbt.plugins.BackgroundRunPlugin, com.typesafe.sbt.packager.rpm.RpmPlugin, com.typesafe.sbt.web.SbtWeb, com.typesafe.sbt.packager.debian.DebianPlugin, com.typesafe.sbt.packager.archetypes.JavaAppPackaging, com.typesafe.sbt.jse.SbtJsEngine, org.irundaia.sbt.sass.SbtSassify, com.typesafe.sbt.digest.SbtDigest, com.typesafe.sbt.packager.archetypes.JavaServerAppPackaging, com.typesafe.sbt.jse.SbtJsTask, play.sbt.Play, com.typesafe.sbt.jshint.SbtJSHint, com.typesafe.sbt.mocha.SbtMocha, com.typesafe.sbt.less.SbtLess, com.typesafe.sbt.rjs.SbtRjs, com.typesafe.sbt.coffeescript.SbtCoffeeScript, play.sbt.PlayJava, play.sbt.PlayNettyServer, play.sbt.PlayLayoutPlugin, play.sbt.PlayLogback, play.sbt.forkrun.PlayForkRun) not found List()
  :: sorted deduced result: List(sbt.plugins.CorePlugin, com.typesafe.sbt.SbtNativePackager, sbt.plugins.InteractionServicePlugin, sbt.plugins.SendEventServicePlugin, sbt.plugins.SerializersPlugin, sbt.plugins.IvyPlugin, com.typesafe.sbt.packager.universal.UniversalPlugin, sbt.plugins.JvmPlugin, com.typesafe.sbt.packager.windows.WindowsPlugin, com.typesafe.sbt.packager.docker.DockerPlugin, com.typesafe.sbt.packager.linux.LinuxPlugin, play.twirl.sbt.SbtTwirl, play.sbt.routes.RoutesCompiler, com.typesafe.sbteclipse.plugin.EclipsePlugin, com.typesafe.play.sbt.enhancer.PlayEnhancer, sbt.plugins.JUnitXmlReportPlugin, sbt.plugins.BackgroundRunPlugin, com.typesafe.sbt.packager.rpm.RpmPlugin, com.typesafe.sbt.web.SbtWeb, com.typesafe.sbt.packager.debian.DebianPlugin, com.typesafe.sbt.packager.archetypes.JavaAppPackaging, com.typesafe.sbt.jse.SbtJsEngine, org.irundaia.sbt.sass.SbtSassify, com.typesafe.sbt.digest.SbtDigest, com.typesafe.sbt.packager.archetypes.JavaServerAppPackaging, com.typesafe.sbt.jse.SbtJsTask, play.sbt.Play, com.typesafe.sbt.jshint.SbtJSHint, com.typesafe.sbt.mocha.SbtMocha, com.typesafe.sbt.less.SbtLess, com.typesafe.sbt.rjs.SbtRjs, com.typesafe.sbt.coffeescript.SbtCoffeeScript, play.sbt.PlayJava, play.sbt.PlayNettyServer, play.sbt.PlayLayoutPlugin, play.sbt.PlayLogback, play.sbt.forkrun.PlayForkRun)
[Loading] Done in C:\Users\kiese\Dropbox\AIN_HTWG\5Sem\03WebTechnologien(Boger)\StrategoWeb, returning: (root)
Set current project to StrategoWeb (in build file:/C:/Users/kiese/Dropbox/AIN_HTWG/5Sem/03WebTechnologien(Boger)/StrategoWeb/)
Reapplying settings...
Set current project to StrategoWeb (in build file:/C:/Users/kiese/Dropbox/AIN_HTWG/5Sem/03WebTechnologien(Boger)/StrategoWeb/)
> iflast shell
> server-send-ready-for-request
> server-handle-next-server-request
> compile
Evaluating tasks: compile:compile
Running task... Cancel: sbt.server.ServerTaskCancellation@2309a3ff, check cycles: false

Initial source changes: 
	removed:Set()
	added: Set()
	modified: Set()
Removed products: Set()
External API changes: API Changes: Set()
Modified binary dependencies: Set()
Initial directly invalidated sources: Set()

Sources indirectly invalidated by:
	product: Set()
	binary dep: Set()
	external source: Set()
All initially invalidated sources: Set()

Total time: 2 s, completed 19.10.2016 17:31:56
> server-post-command-cleanup
> server-handle-next-server-request
> {file:/C:/Users/kiese/Dropbox/AIN_HTWG/5Sem/03WebTechnologien(Boger)/StrategoWeb/}root/compile:discoveredMainClasses
Evaluating tasks: compile:discoveredMainClasses
Running task... Cancel: sbt.server.ServerTaskCancellation@2bf3bf90, check cycles: false

Initial source changes: 
	removed:Set()
	added: Set()
	modified: Set()
Removed products: Set()
External API changes: API Changes: Set()
Modified binary dependencies: Set()
Initial directly invalidated sources: Set()

Sources indirectly invalidated by:
	product: Set()
	binary dep: Set()
	external source: Set()
All initially invalidated sources: Set()

Total time: 1 s, completed 19.10.2016 17:31:57
> server-post-command-cleanup
> server-handle-next-server-request
> {file:/C:/Users/kiese/Dropbox/AIN_HTWG/5Sem/03WebTechnologien(Boger)/StrategoWeb/}root/compile:mainClass
Evaluating tasks: compile:mainClass
Running task... Cancel: sbt.server.ServerTaskCancellation@781538b7, check cycles: false
Total time: 0 s, completed 19.10.2016 17:31:57
> server-post-command-cleanup
> server-handle-next-server-request
> {file:/C:/Users/kiese/Dropbox/AIN_HTWG/5Sem/03WebTechnologien(Boger)/StrategoWeb/}root/compile:discoveredMainClasses
Evaluating tasks: compile:discoveredMainClasses
Running task... Cancel: sbt.server.ServerTaskCancellation@517a6040, check cycles: false

Initial source changes: 
	removed:Set()
	added: Set()
	modified: Set()
Removed products: Set()
External API changes: API Changes: Set()
Modified binary dependencies: Set()
Initial directly invalidated sources: Set()

Sources indirectly invalidated by:
	product: Set()
	binary dep: Set()
	external source: Set()
All initially invalidated sources: Set()

Total time: 1 s, completed 19.10.2016 17:31:58
> server-post-command-cleanup
> server-handle-next-server-request
> compile
Evaluating tasks: compile:compile
Running task... Cancel: sbt.server.ServerTaskCancellation@61ea10fd, check cycles: false

Initial source changes: 
	removed:Set()
	added: Set()
	modified: Set(C:\Users\kiese\Dropbox\AIN_HTWG\5Sem\03WebTechnologien(Boger)\StrategoWeb\target\scala-2.11\twirl\main\views\html\strategoWui.template.scala, C:\Users\kiese\Dropbox\AIN_HTWG\5Sem\03WebTechnologien(Boger)\StrategoWeb\app\controllers\HomeController.java)
Removed products: Set()
External API changes: API Changes: Set()
Modified binary dependencies: Set()
Initial directly invalidated sources: Set(C:\Users\kiese\Dropbox\AIN_HTWG\5Sem\03WebTechnologien(Boger)\StrategoWeb\target\scala-2.11\twirl\main\views\html\strategoWui.template.scala, C:\Users\kiese\Dropbox\AIN_HTWG\5Sem\03WebTechnologien(Boger)\StrategoWeb\app\controllers\HomeController.java)

Sources indirectly invalidated by:
	product: Set()
	binary dep: Set()
	external source: Set()
All initially invalidated sources: Set(C:\Users\kiese\Dropbox\AIN_HTWG\5Sem\03WebTechnologien(Boger)\StrategoWeb\target\scala-2.11\twirl\main\views\html\strategoWui.template.scala, C:\Users\kiese\Dropbox\AIN_HTWG\5Sem\03WebTechnologien(Boger)\StrategoWeb\app\controllers\HomeController.java)

Read from stdout: Compiling 1 Scala source and 1 Java source to C:\Users\kiese\Dropbox\AIN_HTWG\5Sem\03WebTechnologien(Boger)\StrategoWeb\target\scala-2.11\classes...
Compiling 1 Scala source and 1 Java source to C:\Users\kiese\Dropbox\AIN_HTWG\5Sem\03WebTechnologien(Boger)\StrategoWeb\target\scala-2.11\classes...
Getting compiler-interface from component compiler for Scala 2.11.7
Other repositories:
Default repositories:
Getting compiler-interface from component compiler for Scala 2.11.7
Other repositories:
Default repositories:
Running cached compiler b1b6434, interfacing (CompilerInterface) with Scala compiler version 2.11.7
Calling Scala compiler with arguments  (CompilerInterface):
	-deprecation
	-unchecked
	-encoding
	utf8
	-bootclasspath
	C:\Program Files\Java\jre1.8.0_101\lib\resources.jar;C:\Program Files\Java\jre1.8.0_101\lib\rt.jar;C:\Program Files\Java\jre1.8.0_101\lib\sunrsasign.jar;C:\Program Files\Java\jre1.8.0_101\lib\jsse.jar;C:\Program Files\Java\jre1.8.0_101\lib\jce.jar;C:\Program Files\Java\jre1.8.0_101\lib\charsets.jar;C:\Program Files\Java\jre1.8.0_101\lib\jfr.jar;C:\Program Files\Java\jre1.8.0_101\classes;C:\Users\kiese\.ivy2\cache\org.scala-lang\scala-library\jars\scala-library-2.11.7.jar
	-classpath
	C:\Users\kiese\Dropbox\AIN_HTWG\5Sem\03WebTechnologien(Boger)\StrategoWeb\target\scala-2.11\classes;C:\Users\kiese\Dropbox\AIN_HTWG\5Sem\03WebTechnologien(Boger)\StrategoWeb\lib\strategoExe.jar;C:\Users\kiese\.ivy2\cache\com.typesafe.play\twirl-api_2.11\jars\twirl-api_2.11-1.1.1.jar;C:\Users\kiese\.ivy2\cache\org.apache.commons\commons-lang3\jars\commons-lang3-3.4.jar;C:\Users\kiese\.ivy2\cache\org.scala-lang.modules\scala-xml_2.11\bundles\scala-xml_2.11-1.0.1.jar;C:\Users\kiese\.ivy2\cache\com.typesafe.play\play-enhancer\jars\play-enhancer-1.1.0.jar;C:\Users\kiese\.ivy2\cache\com.typesafe.play\play-server_2.11\jars\play-server_2.11-2.5.8.jar;C:\Users\kiese\.ivy2\cache\com.typesafe.play\play_2.11\jars\play_2.11-2.5.8.jar;C:\Users\kiese\.ivy2\cache\com.typesafe.play\build-link\jars\build-link-2.5.8.jar;C:\Users\kiese\.ivy2\cache\com.typesafe.play\play-exceptions\jars\play-exceptions-2.5.8.jar;C:\Users\kiese\.ivy2\cache\com.typesafe.play\play-iteratees_2.11\jars\play-iteratees_2.11-2.5.8.jar;C:\Users\kiese\.ivy2\cache\org.scala-stm\scala-stm_2.11\jars\scala-stm_2.11-0.7.jar;C:\Users\kiese\.ivy2\cache\com.typesafe\config\bundles\config-1.3.0.jar;C:\Users\kiese\.ivy2\cache\com.typesafe.play\play-json_2.11\jars\play-json_2.11-2.5.8.jar;C:\Users\kiese\.ivy2\cache\com.typesafe.play\play-functional_2.11\jars\play-functional_2.11-2.5.8.jar;C:\Users\kiese\.ivy2\cache\com.typesafe.play\play-datacommons_2.11\jars\play-datacommons_2.11-2.5.8.jar;C:\Users\kiese\.ivy2\cache\joda-time\joda-time\jars\joda-time-2.9.4.jar;C:\Users\kiese\.ivy2\cache\org.joda\joda-convert\jars\joda-convert-1.8.1.jar;C:\Users\kiese\.ivy2\cache\org.scala-lang\scala-reflect\jars\scala-reflect-2.11.7.jar;C:\Users\kiese\.ivy2\cache\com.fasterxml.jackson.core\jackson-core\bundles\jackson-core-2.7.6.jar;C:\Users\kiese\.ivy2\cache\com.fasterxml.jackson.core\jackson-annotations\bundles\jackson-annotations-2.7.6.jar;C:\Users\kiese\.ivy2\cache\com.fasterxml.jackson.core\jackson-databind\bundles\jackson-databind-2.7.6.jar;C:\Users\kiese\.ivy2\cache\com.fasterxml.jackson.datatype\jackson-datatype-jdk8\bundles\jackson-datatype-jdk8-2.7.6.jar;C:\Users\kiese\.ivy2\cache\com.fasterxml.jackson.datatype\jackson-datatype-jsr310\bundles\jackson-datatype-jsr310-2.7.6.jar;C:\Users\kiese\.ivy2\cache\com.typesafe.play\play-netty-utils\jars\play-netty-utils-2.5.8.jar;C:\Users\kiese\.ivy2\cache\org.slf4j\slf4j-api\jars\slf4j-api-1.7.21.jar;C:\Users\kiese\.ivy2\cache\org.slf4j\jul-to-slf4j\jars\jul-to-slf4j-1.7.21.jar;C:\Users\kiese\.ivy2\cache\org.slf4j\jcl-over-slf4j\jars\jcl-over-slf4j-1.7.21.jar;C:\Users\kiese\.ivy2\cache\com.typesafe.play\play-streams_2.11\jars\play-streams_2.11-2.5.8.jar;C:\Users\kiese\.ivy2\cache\org.reactivestreams\reactive-streams\jars\reactive-streams-1.0.0.jar;C:\Users\kiese\.ivy2\cache\com.typesafe.akka\akka-stream_2.11\jars\akka-stream_2.11-2.4.10.jar;C:\Users\kiese\.ivy2\cache\com.typesafe.akka\akka-actor_2.11\jars\akka-actor_2.11-2.4.10.jar;C:\Users\kiese\.ivy2\cache\org.scala-lang.modules\scala-java8-compat_2.11\bundles\scala-java8-compat_2.11-0.7.0.jar;C:\Users\kiese\.ivy2\cache\com.typesafe\ssl-config-akka_2.11\bundles\ssl-config-akka_2.11-0.2.1.jar;C:\Users\kiese\.ivy2\cache\com.typesafe\ssl-config-core_2.11\bundles\ssl-config-core_2.11-0.2.1.jar;C:\Users\kiese\.ivy2\cache\org.scala-lang.modules\scala-parser-combinators_2.11\bundles\scala-parser-combinators_2.11-1.0.4.jar;C:\Users\kiese\.ivy2\cache\com.typesafe.akka\akka-slf4j_2.11\jars\akka-slf4j_2.11-2.4.10.jar;C:\Users\kiese\.ivy2\cache\commons-codec\commons-codec\jars\commons-codec-1.10.jar;C:\Users\kiese\.ivy2\cache\xerces\xercesImpl\jars\xercesImpl-2.11.0.jar;C:\Users\kiese\.ivy2\cache\xml-apis\xml-apis\jars\xml-apis-1.4.01.jar;C:\Users\kiese\.ivy2\cache\javax.transaction\jta\jars\jta-1.1.jar;C:\Users\kiese\.ivy2\cache\com.google.inject\guice\jars\guice-4.0.jar;C:\Users\kiese\.ivy2\cache\javax.inject\javax.inject\jars\javax.inject-1.jar;C:\Users\kiese\.ivy2\cache\aopalliance\aopalliance\jars\aopalliance-1.0.jar;C:\Users\kiese\.ivy2\cache\com.google.inject.extensions\guice-assistedinject\jars\guice-assistedinject-4.0.jar;C:\Users\kiese\.ivy2\cache\com.typesafe.play\play-java_2.11\jars\play-java_2.11-2.5.8.jar;C:\Users\kiese\.ivy2\cache\org.yaml\snakeyaml\bundles\snakeyaml-1.16.jar;C:\Users\kiese\.ivy2\cache\org.hibernate\hibernate-validator\jars\hibernate-validator-5.2.4.Final.jar;C:\Users\kiese\.ivy2\cache\javax.validation\validation-api\jars\validation-api-1.1.0.Final.jar;C:\Users\kiese\.ivy2\cache\org.jboss.logging\jboss-logging\jars\jboss-logging-3.2.1.Final.jar;C:\Users\kiese\.ivy2\cache\com.fasterxml\classmate\bundles\classmate-1.1.0.jar;C:\Users\kiese\.ivy2\cache\javax.el\javax.el-api\jars\javax.el-api-3.0.0.jar;C:\Users\kiese\.ivy2\cache\org.springframework\spring-context\jars\spring-context-4.2.7.RELEASE.jar;C:\Users\kiese\.ivy2\cache\org.springframework\spring-core\jars\spring-core-4.2.7.RELEASE.jar;C:\Users\kiese\.ivy2\cache\org.springframework\spring-beans\jars\spring-beans-4.2.7.RELEASE.jar;C:\Users\kiese\.ivy2\cache\org.reflections\reflections\jars\reflections-0.9.10.jar;C:\Users\kiese\.ivy2\cache\com.google.guava\guava\bundles\guava-19.0.jar;C:\Users\kiese\.ivy2\cache\net.jodah\typetools\bundles\typetools-0.4.4.jar;C:\Users\kiese\.ivy2\cache\com.google.code.findbugs\jsr305\jars\jsr305-3.0.1.jar;C:\Users\kiese\.ivy2\cache\org.apache.tomcat\tomcat-servlet-api\jars\tomcat-servlet-api-8.0.33.jar;C:\Users\kiese\.ivy2\cache\com.typesafe.play\play-netty-server_2.11\jars\play-netty-server_2.11-2.5.8.jar;C:\Users\kiese\.ivy2\cache\com.typesafe.netty\netty-reactive-streams-http\jars\netty-reactive-streams-http-1.0.8.jar;C:\Users\kiese\.ivy2\cache\com.typesafe.netty\netty-reactive-streams\jars\netty-reactive-streams-1.0.8.jar;C:\Users\kiese\.ivy2\cache\io.netty\netty-handler\jars\netty-handler-4.0.41.Final.jar;C:\Users\kiese\.ivy2\cache\io.netty\netty-buffer\jars\netty-buffer-4.0.41.Final.jar;C:\Users\kiese\.ivy2\cache\io.netty\netty-common\jars\netty-common-4.0.41.Final.jar;C:\Users\kiese\.ivy2\cache\io.netty\netty-transport\jars\netty-transport-4.0.41.Final.jar;C:\Users\kiese\.ivy2\cache\io.netty\netty-codec\jars\netty-codec-4.0.41.Final.jar;C:\Users\kiese\.ivy2\cache\io.netty\netty-codec-http\jars\netty-codec-http-4.0.41.Final.jar;C:\Users\kiese\.ivy2\cache\io.netty\netty-transport-native-epoll\jars\netty-transport-native-epoll-4.0.41.Final-linux-x86_64.jar;C:\Users\kiese\.ivy2\cache\com.typesafe.play\play-logback_2.11\jars\play-logback_2.11-2.5.8.jar;C:\Users\kiese\.ivy2\cache\ch.qos.logback\logback-classic\jars\logback-classic-1.1.7.jar;C:\Users\kiese\.ivy2\cache\ch.qos.logback\logback-core\jars\logback-core-1.1.7.jar;C:\Users\kiese\.ivy2\cache\com.typesafe.play\play-java-jdbc_2.11\jars\play-java-jdbc_2.11-2.5.8.jar;C:\Users\kiese\.ivy2\cache\com.typesafe.play\play-jdbc_2.11\jars\play-jdbc_2.11-2.5.8.jar;C:\Users\kiese\.ivy2\cache\com.typesafe.play\play-jdbc-api_2.11\jars\play-jdbc-api_2.11-2.5.8.jar;C:\Users\kiese\.ivy2\cache\com.jolbox\bonecp\bundles\bonecp-0.8.0.RELEASE.jar;C:\Users\kiese\.ivy2\cache\com.zaxxer\HikariCP\bundles\HikariCP-2.5.0.jar;C:\Users\kiese\.ivy2\cache\com.googlecode.usc\jdbcdslog\jars\jdbcdslog-1.0.6.2.jar;C:\Users\kiese\.ivy2\cache\com.h2database\h2\jars\h2-1.4.192.jar;C:\Users\kiese\.ivy2\cache\tyrex\tyrex\jars\tyrex-1.0.1.jar;C:\Users\kiese\.ivy2\cache\com.typesafe.play\play-cache_2.11\jars\play-cache_2.11-2.5.8.jar;C:\Users\kiese\.ivy2\cache\net.sf.ehcache\ehcache-core\jars\ehcache-core-2.6.11.jar;C:\Users\kiese\.ivy2\cache\com.typesafe.play\play-java-ws_2.11\jars\play-java-ws_2.11-2.5.8.jar;C:\Users\kiese\.ivy2\cache\com.typesafe.play\play-ws_2.11\jars\play-ws_2.11-2.5.8.jar;C:\Users\kiese\.ivy2\cache\org.asynchttpclient\async-http-client\jars\async-http-client-2.0.11.jar;C:\Users\kiese\.ivy2\cache\org.asynchttpclient\netty-resolver-dns\jars\netty-resolver-dns-2.0.11.jar;C:\Users\kiese\.ivy2\cache\org.asynchttpclient\netty-resolver\jars\netty-resolver-2.0.11.jar;C:\Users\kiese\.ivy2\cache\org.asynchttpclient\netty-codec-dns\jars\netty-codec-dns-2.0.11.jar;C:\Users\kiese\.ivy2\cache\org.javassist\javassist\bundles\javassist-3.20.0-GA.jar;C:\Users\kiese\.ivy2\cache\oauth.signpost\signpost-core\jars\signpost-core-1.2.1.2.jar;C:\Users\kiese\.ivy2\cache\oauth.signpost\signpost-commonshttp4\jars\signpost-commonshttp4-1.2.1.2.jar;C:\Users\kiese\.ivy2\cache\org.apache.httpcomponents\httpcore\jars\httpcore-4.0.1.jar;C:\Users\kiese\.ivy2\cache\org.apache.httpcomponents\httpclient\jars\httpclient-4.0.1.jar;C:\Users\kiese\.ivy2\cache\commons-logging\commons-logging\jars\commons-logging-1.1.1.jar
Read from stdout: C:\Users\kiese\Dropbox\AIN_HTWG\5Sem\03WebTechnologien(Boger)\StrategoWeb\app\views\strategoWui.scala.html:18: illegal start of simple expression
C:\Users\kiese\Dropbox\AIN_HTWG\5Sem\03WebTechnologien(Boger)\StrategoWeb\app\views\strategoWui.scala.html:18: illegal start of simple expression
Read from stdout: @for(column <- 0 until controller.getFieldWidth())
        @for(column <- 0 until controller.getFieldWidth())
Read from stdout: ^
                                                          ^
Read from stdout: C:\Users\kiese\Dropbox\AIN_HTWG\5Sem\03WebTechnologien(Boger)\StrategoWeb\app\views\strategoWui.scala.html:25: ')' expected but '}' found.
C:\Users\kiese\Dropbox\AIN_HTWG\5Sem\03WebTechnologien(Boger)\StrategoWeb\app\views\strategoWui.scala.html:25: ')' expected but '}' found.
Read from stdout: </html>
</html>
Read from stdout: ^
       ^
Read from stdout: two errors found
two errors found
Compilation failed (CompilerInterface)
Read from stdout: (compile:compileIncremental) Compilation failed
(compile:compileIncremental) Compilation failed
Total time: 3 s, completed 19.10.2016 17:39:53
> server-post-command-error-handler
> server-post-command-cleanup
> server-handle-next-server-request
> compile
Evaluating tasks: compile:compile
Running task... Cancel: sbt.server.ServerTaskCancellation@525cea19, check cycles: false

Initial source changes: 
	removed:Set()
	added: Set()
	modified: Set(C:\Users\kiese\Dropbox\AIN_HTWG\5Sem\03WebTechnologien(Boger)\StrategoWeb\target\scala-2.11\twirl\main\views\html\strategoWui.template.scala, C:\Users\kiese\Dropbox\AIN_HTWG\5Sem\03WebTechnologien(Boger)\StrategoWeb\app\controllers\HomeController.java)
Removed products: Set()
External API changes: API Changes: Set()
Modified binary dependencies: Set()
Initial directly invalidated sources: Set(C:\Users\kiese\Dropbox\AIN_HTWG\5Sem\03WebTechnologien(Boger)\StrategoWeb\target\scala-2.11\twirl\main\views\html\strategoWui.template.scala, C:\Users\kiese\Dropbox\AIN_HTWG\5Sem\03WebTechnologien(Boger)\StrategoWeb\app\controllers\HomeController.java)

Sources indirectly invalidated by:
	product: Set()
	binary dep: Set()
	external source: Set()
All initially invalidated sources: Set(C:\Users\kiese\Dropbox\AIN_HTWG\5Sem\03WebTechnologien(Boger)\StrategoWeb\target\scala-2.11\twirl\main\views\html\strategoWui.template.scala, C:\Users\kiese\Dropbox\AIN_HTWG\5Sem\03WebTechnologien(Boger)\StrategoWeb\app\controllers\HomeController.java)

Read from stdout: Compiling 1 Scala source and 1 Java source to C:\Users\kiese\Dropbox\AIN_HTWG\5Sem\03WebTechnologien(Boger)\StrategoWeb\target\scala-2.11\classes...
Compiling 1 Scala source and 1 Java source to C:\Users\kiese\Dropbox\AIN_HTWG\5Sem\03WebTechnologien(Boger)\StrategoWeb\target\scala-2.11\classes...
Getting compiler-interface from component compiler for Scala 2.11.7
Other repositories:
Default repositories:
Getting compiler-interface from component compiler for Scala 2.11.7
Other repositories:
Default repositories:
Running cached compiler 5d876d2b, interfacing (CompilerInterface) with Scala compiler version 2.11.7
Calling Scala compiler with arguments  (CompilerInterface):
	-deprecation
	-unchecked
	-encoding
	utf8
	-bootclasspath
	C:\Program Files\Java\jre1.8.0_101\lib\resources.jar;C:\Program Files\Java\jre1.8.0_101\lib\rt.jar;C:\Program Files\Java\jre1.8.0_101\lib\sunrsasign.jar;C:\Program Files\Java\jre1.8.0_101\lib\jsse.jar;C:\Program Files\Java\jre1.8.0_101\lib\jce.jar;C:\Program Files\Java\jre1.8.0_101\lib\charsets.jar;C:\Program Files\Java\jre1.8.0_101\lib\jfr.jar;C:\Program Files\Java\jre1.8.0_101\classes;C:\Users\kiese\.ivy2\cache\org.scala-lang\scala-library\jars\scala-library-2.11.7.jar
	-classpath
	C:\Users\kiese\Dropbox\AIN_HTWG\5Sem\03WebTechnologien(Boger)\StrategoWeb\target\scala-2.11\classes;C:\Users\kiese\Dropbox\AIN_HTWG\5Sem\03WebTechnologien(Boger)\StrategoWeb\lib\strategoExe.jar;C:\Users\kiese\.ivy2\cache\com.typesafe.play\twirl-api_2.11\jars\twirl-api_2.11-1.1.1.jar;C:\Users\kiese\.ivy2\cache\org.apache.commons\commons-lang3\jars\commons-lang3-3.4.jar;C:\Users\kiese\.ivy2\cache\org.scala-lang.modules\scala-xml_2.11\bundles\scala-xml_2.11-1.0.1.jar;C:\Users\kiese\.ivy2\cache\com.typesafe.play\play-enhancer\jars\play-enhancer-1.1.0.jar;C:\Users\kiese\.ivy2\cache\com.typesafe.play\play-server_2.11\jars\play-server_2.11-2.5.8.jar;C:\Users\kiese\.ivy2\cache\com.typesafe.play\play_2.11\jars\play_2.11-2.5.8.jar;C:\Users\kiese\.ivy2\cache\com.typesafe.play\build-link\jars\build-link-2.5.8.jar;C:\Users\kiese\.ivy2\cache\com.typesafe.play\play-exceptions\jars\play-exceptions-2.5.8.jar;C:\Users\kiese\.ivy2\cache\com.typesafe.play\play-iteratees_2.11\jars\play-iteratees_2.11-2.5.8.jar;C:\Users\kiese\.ivy2\cache\org.scala-stm\scala-stm_2.11\jars\scala-stm_2.11-0.7.jar;C:\Users\kiese\.ivy2\cache\com.typesafe\config\bundles\config-1.3.0.jar;C:\Users\kiese\.ivy2\cache\com.typesafe.play\play-json_2.11\jars\play-json_2.11-2.5.8.jar;C:\Users\kiese\.ivy2\cache\com.typesafe.play\play-functional_2.11\jars\play-functional_2.11-2.5.8.jar;C:\Users\kiese\.ivy2\cache\com.typesafe.play\play-datacommons_2.11\jars\play-datacommons_2.11-2.5.8.jar;C:\Users\kiese\.ivy2\cache\joda-time\joda-time\jars\joda-time-2.9.4.jar;C:\Users\kiese\.ivy2\cache\org.joda\joda-convert\jars\joda-convert-1.8.1.jar;C:\Users\kiese\.ivy2\cache\org.scala-lang\scala-reflect\jars\scala-reflect-2.11.7.jar;C:\Users\kiese\.ivy2\cache\com.fasterxml.jackson.core\jackson-core\bundles\jackson-core-2.7.6.jar;C:\Users\kiese\.ivy2\cache\com.fasterxml.jackson.core\jackson-annotations\bundles\jackson-annotations-2.7.6.jar;C:\Users\kiese\.ivy2\cache\com.fasterxml.jackson.core\jackson-databind\bundles\jackson-databind-2.7.6.jar;C:\Users\kiese\.ivy2\cache\com.fasterxml.jackson.datatype\jackson-datatype-jdk8\bundles\jackson-datatype-jdk8-2.7.6.jar;C:\Users\kiese\.ivy2\cache\com.fasterxml.jackson.datatype\jackson-datatype-jsr310\bundles\jackson-datatype-jsr310-2.7.6.jar;C:\Users\kiese\.ivy2\cache\com.typesafe.play\play-netty-utils\jars\play-netty-utils-2.5.8.jar;C:\Users\kiese\.ivy2\cache\org.slf4j\slf4j-api\jars\slf4j-api-1.7.21.jar;C:\Users\kiese\.ivy2\cache\org.slf4j\jul-to-slf4j\jars\jul-to-slf4j-1.7.21.jar;C:\Users\kiese\.ivy2\cache\org.slf4j\jcl-over-slf4j\jars\jcl-over-slf4j-1.7.21.jar;C:\Users\kiese\.ivy2\cache\com.typesafe.play\play-streams_2.11\jars\play-streams_2.11-2.5.8.jar;C:\Users\kiese\.ivy2\cache\org.reactivestreams\reactive-streams\jars\reactive-streams-1.0.0.jar;C:\Users\kiese\.ivy2\cache\com.typesafe.akka\akka-stream_2.11\jars\akka-stream_2.11-2.4.10.jar;C:\Users\kiese\.ivy2\cache\com.typesafe.akka\akka-actor_2.11\jars\akka-actor_2.11-2.4.10.jar;C:\Users\kiese\.ivy2\cache\org.scala-lang.modules\scala-java8-compat_2.11\bundles\scala-java8-compat_2.11-0.7.0.jar;C:\Users\kiese\.ivy2\cache\com.typesafe\ssl-config-akka_2.11\bundles\ssl-config-akka_2.11-0.2.1.jar;C:\Users\kiese\.ivy2\cache\com.typesafe\ssl-config-core_2.11\bundles\ssl-config-core_2.11-0.2.1.jar;C:\Users\kiese\.ivy2\cache\org.scala-lang.modules\scala-parser-combinators_2.11\bundles\scala-parser-combinators_2.11-1.0.4.jar;C:\Users\kiese\.ivy2\cache\com.typesafe.akka\akka-slf4j_2.11\jars\akka-slf4j_2.11-2.4.10.jar;C:\Users\kiese\.ivy2\cache\commons-codec\commons-codec\jars\commons-codec-1.10.jar;C:\Users\kiese\.ivy2\cache\xerces\xercesImpl\jars\xercesImpl-2.11.0.jar;C:\Users\kiese\.ivy2\cache\xml-apis\xml-apis\jars\xml-apis-1.4.01.jar;C:\Users\kiese\.ivy2\cache\javax.transaction\jta\jars\jta-1.1.jar;C:\Users\kiese\.ivy2\cache\com.google.inject\guice\jars\guice-4.0.jar;C:\Users\kiese\.ivy2\cache\javax.inject\javax.inject\jars\javax.inject-1.jar;C:\Users\kiese\.ivy2\cache\aopalliance\aopalliance\jars\aopalliance-1.0.jar;C:\Users\kiese\.ivy2\cache\com.google.inject.extensions\guice-assistedinject\jars\guice-assistedinject-4.0.jar;C:\Users\kiese\.ivy2\cache\com.typesafe.play\play-java_2.11\jars\play-java_2.11-2.5.8.jar;C:\Users\kiese\.ivy2\cache\org.yaml\snakeyaml\bundles\snakeyaml-1.16.jar;C:\Users\kiese\.ivy2\cache\org.hibernate\hibernate-validator\jars\hibernate-validator-5.2.4.Final.jar;C:\Users\kiese\.ivy2\cache\javax.validation\validation-api\jars\validation-api-1.1.0.Final.jar;C:\Users\kiese\.ivy2\cache\org.jboss.logging\jboss-logging\jars\jboss-logging-3.2.1.Final.jar;C:\Users\kiese\.ivy2\cache\com.fasterxml\classmate\bundles\classmate-1.1.0.jar;C:\Users\kiese\.ivy2\cache\javax.el\javax.el-api\jars\javax.el-api-3.0.0.jar;C:\Users\kiese\.ivy2\cache\org.springframework\spring-context\jars\spring-context-4.2.7.RELEASE.jar;C:\Users\kiese\.ivy2\cache\org.springframework\spring-core\jars\spring-core-4.2.7.RELEASE.jar;C:\Users\kiese\.ivy2\cache\org.springframework\spring-beans\jars\spring-beans-4.2.7.RELEASE.jar;C:\Users\kiese\.ivy2\cache\org.reflections\reflections\jars\reflections-0.9.10.jar;C:\Users\kiese\.ivy2\cache\com.google.guava\guava\bundles\guava-19.0.jar;C:\Users\kiese\.ivy2\cache\net.jodah\typetools\bundles\typetools-0.4.4.jar;C:\Users\kiese\.ivy2\cache\com.google.code.findbugs\jsr305\jars\jsr305-3.0.1.jar;C:\Users\kiese\.ivy2\cache\org.apache.tomcat\tomcat-servlet-api\jars\tomcat-servlet-api-8.0.33.jar;C:\Users\kiese\.ivy2\cache\com.typesafe.play\play-netty-server_2.11\jars\play-netty-server_2.11-2.5.8.jar;C:\Users\kiese\.ivy2\cache\com.typesafe.netty\netty-reactive-streams-http\jars\netty-reactive-streams-http-1.0.8.jar;C:\Users\kiese\.ivy2\cache\com.typesafe.netty\netty-reactive-streams\jars\netty-reactive-streams-1.0.8.jar;C:\Users\kiese\.ivy2\cache\io.netty\netty-handler\jars\netty-handler-4.0.41.Final.jar;C:\Users\kiese\.ivy2\cache\io.netty\netty-buffer\jars\netty-buffer-4.0.41.Final.jar;C:\Users\kiese\.ivy2\cache\io.netty\netty-common\jars\netty-common-4.0.41.Final.jar;C:\Users\kiese\.ivy2\cache\io.netty\netty-transport\jars\netty-transport-4.0.41.Final.jar;C:\Users\kiese\.ivy2\cache\io.netty\netty-codec\jars\netty-codec-4.0.41.Final.jar;C:\Users\kiese\.ivy2\cache\io.netty\netty-codec-http\jars\netty-codec-http-4.0.41.Final.jar;C:\Users\kiese\.ivy2\cache\io.netty\netty-transport-native-epoll\jars\netty-transport-native-epoll-4.0.41.Final-linux-x86_64.jar;C:\Users\kiese\.ivy2\cache\com.typesafe.play\play-logback_2.11\jars\play-logback_2.11-2.5.8.jar;C:\Users\kiese\.ivy2\cache\ch.qos.logback\logback-classic\jars\logback-classic-1.1.7.jar;C:\Users\kiese\.ivy2\cache\ch.qos.logback\logback-core\jars\logback-core-1.1.7.jar;C:\Users\kiese\.ivy2\cache\com.typesafe.play\play-java-jdbc_2.11\jars\play-java-jdbc_2.11-2.5.8.jar;C:\Users\kiese\.ivy2\cache\com.typesafe.play\play-jdbc_2.11\jars\play-jdbc_2.11-2.5.8.jar;C:\Users\kiese\.ivy2\cache\com.typesafe.play\play-jdbc-api_2.11\jars\play-jdbc-api_2.11-2.5.8.jar;C:\Users\kiese\.ivy2\cache\com.jolbox\bonecp\bundles\bonecp-0.8.0.RELEASE.jar;C:\Users\kiese\.ivy2\cache\com.zaxxer\HikariCP\bundles\HikariCP-2.5.0.jar;C:\Users\kiese\.ivy2\cache\com.googlecode.usc\jdbcdslog\jars\jdbcdslog-1.0.6.2.jar;C:\Users\kiese\.ivy2\cache\com.h2database\h2\jars\h2-1.4.192.jar;C:\Users\kiese\.ivy2\cache\tyrex\tyrex\jars\tyrex-1.0.1.jar;C:\Users\kiese\.ivy2\cache\com.typesafe.play\play-cache_2.11\jars\play-cache_2.11-2.5.8.jar;C:\Users\kiese\.ivy2\cache\net.sf.ehcache\ehcache-core\jars\ehcache-core-2.6.11.jar;C:\Users\kiese\.ivy2\cache\com.typesafe.play\play-java-ws_2.11\jars\play-java-ws_2.11-2.5.8.jar;C:\Users\kiese\.ivy2\cache\com.typesafe.play\play-ws_2.11\jars\play-ws_2.11-2.5.8.jar;C:\Users\kiese\.ivy2\cache\org.asynchttpclient\async-http-client\jars\async-http-client-2.0.11.jar;C:\Users\kiese\.ivy2\cache\org.asynchttpclient\netty-resolver-dns\jars\netty-resolver-dns-2.0.11.jar;C:\Users\kiese\.ivy2\cache\org.asynchttpclient\netty-resolver\jars\netty-resolver-2.0.11.jar;C:\Users\kiese\.ivy2\cache\org.asynchttpclient\netty-codec-dns\jars\netty-codec-dns-2.0.11.jar;C:\Users\kiese\.ivy2\cache\org.javassist\javassist\bundles\javassist-3.20.0-GA.jar;C:\Users\kiese\.ivy2\cache\oauth.signpost\signpost-core\jars\signpost-core-1.2.1.2.jar;C:\Users\kiese\.ivy2\cache\oauth.signpost\signpost-commonshttp4\jars\signpost-commonshttp4-1.2.1.2.jar;C:\Users\kiese\.ivy2\cache\org.apache.httpcomponents\httpcore\jars\httpcore-4.0.1.jar;C:\Users\kiese\.ivy2\cache\org.apache.httpcomponents\httpclient\jars\httpclient-4.0.1.jar;C:\Users\kiese\.ivy2\cache\commons-logging\commons-logging\jars\commons-logging-1.1.1.jar
Scala compilation took 3.122423261 s
Java compilation took 1.263327896 s
Java analysis took 0.009722465 s
Java compile + analysis took 1.286249763 s
Invalidating C:\Users\kiese\Dropbox\AIN_HTWG\5Sem\03WebTechnologien(Boger)\StrategoWeb\target\scala-2.11\twirl\main\views\html\strategoWui.template.scala...
Invalidating (transitively) by inheritance from C:\Users\kiese\Dropbox\AIN_HTWG\5Sem\03WebTechnologien(Boger)\StrategoWeb\target\scala-2.11\twirl\main\views\html\strategoWui.template.scala...
Initial set of included nodes: Set(C:\Users\kiese\Dropbox\AIN_HTWG\5Sem\03WebTechnologien(Boger)\StrategoWeb\target\scala-2.11\twirl\main\views\html\strategoWui.template.scala)
Invalidated by transitive inheritance dependency: Set(C:\Users\kiese\Dropbox\AIN_HTWG\5Sem\03WebTechnologien(Boger)\StrategoWeb\target\scala-2.11\twirl\main\views\html\strategoWui.template.scala)
The C:\Users\kiese\Dropbox\AIN_HTWG\5Sem\03WebTechnologien(Boger)\StrategoWeb\target\scala-2.11\twirl\main\views\html\strategoWui.template.scala source file has the following regular definitions changed:
	render, f, apply, strategoWui.
All member reference dependencies will be considered within this context.
New invalidations:
	Set()
Initial set of included nodes: Set()
Previously invalidated, but (transitively) depend on new invalidations:
	Set()
All newly invalidated sources after taking into account (previously) recompiled sources:Set()
Total time: 5 s, completed 19.10.2016 17:41:43
> server-post-command-cleanup
> server-handle-next-server-request
> backgroundRun
Evaluating tasks: compile:backgroundRun
Running task... Cancel: sbt.server.ServerTaskCancellation@2211286f, check cycles: false
Total time: 0 s, completed 19.10.2016 17:41:57
> server-post-command-cleanup
> server-handle-next-server-request
> {file:/C:/Users/kiese/Dropbox/AIN_HTWG/5Sem/03WebTechnologien(Boger)/StrategoWeb/}root/*:playForkConfig
Evaluating tasks: *:playForkConfig
Running task... Cancel: sbt.server.ServerTaskCancellation@8facbe9, check cycles: false
Total time: 1 s, completed 19.10.2016 17:42:00
> server-post-command-cleanup
> server-handle-next-server-request
> root/playForkNotifyStart http://localhost:9000
Evaluating tasks: *:playForkNotifyStart
Running task... Cancel: sbt.server.ServerTaskCancellation@2efff30, check cycles: false
Total time: 0 s, completed 19.10.2016 17:42:02
> server-post-command-cleanup
> server-handle-next-server-request
> {file:/C:/Users/kiese/Dropbox/AIN_HTWG/5Sem/03WebTechnologien(Boger)/StrategoWeb/}root/*:playForkReload
Evaluating tasks: *:playForkReload
Running task... Cancel: sbt.server.ServerTaskCancellation@68b9f335, check cycles: false

Initial source changes: 
	removed:Set()
	added: Set()
	modified: Set()
Removed products: Set()
External API changes: API Changes: Set()
Modified binary dependencies: Set()
Initial directly invalidated sources: Set()

Sources indirectly invalidated by:
	product: Set()
	binary dep: Set()
	external source: Set()
All initially invalidated sources: Set()

Copy resource mappings: 
	(C:\Users\kiese\Dropbox\AIN_HTWG\5Sem\03WebTechnologien(Boger)\StrategoWeb\conf\application.conf,C:\Users\kiese\Dropbox\AIN_HTWG\5Sem\03WebTechnologien(Boger)\StrategoWeb\target\scala-2.11\classes\application.conf)
	(C:\Users\kiese\Dropbox\AIN_HTWG\5Sem\03WebTechnologien(Boger)\StrategoWeb\conf\logback.xml,C:\Users\kiese\Dropbox\AIN_HTWG\5Sem\03WebTechnologien(Boger)\StrategoWeb\target\scala-2.11\classes\logback.xml)
	(C:\Users\kiese\Dropbox\AIN_HTWG\5Sem\03WebTechnologien(Boger)\StrategoWeb\conf\routes,C:\Users\kiese\Dropbox\AIN_HTWG\5Sem\03WebTechnologien(Boger)\StrategoWeb\target\scala-2.11\classes\routes)
Warning: node.js detection failed, sbt will use the Rhino based Trireme JavaScript engine instead to run JavaScript assets compilation, which in some cases may be orders of magnitude slower than using node.js.
Total time: 2 s, completed 19.10.2016 17:42:05
> server-post-command-cleanup
> server-handle-next-server-request
> compile
Evaluating tasks: compile:compile
Running task... Cancel: sbt.server.ServerTaskCancellation@2791849a, check cycles: false

Initial source changes: 
	removed:Set()
	added: Set()
	modified: Set(C:\Users\kiese\Dropbox\AIN_HTWG\5Sem\03WebTechnologien(Boger)\StrategoWeb\target\scala-2.11\twirl\main\views\html\strategoWui.template.scala)
Removed products: Set()
External API changes: API Changes: Set()
Modified binary dependencies: Set()
Initial directly invalidated sources: Set(C:\Users\kiese\Dropbox\AIN_HTWG\5Sem\03WebTechnologien(Boger)\StrategoWeb\target\scala-2.11\twirl\main\views\html\strategoWui.template.scala)

Sources indirectly invalidated by:
	product: Set()
	binary dep: Set()
	external source: Set()
All initially invalidated sources: Set(C:\Users\kiese\Dropbox\AIN_HTWG\5Sem\03WebTechnologien(Boger)\StrategoWeb\target\scala-2.11\twirl\main\views\html\strategoWui.template.scala)

Read from stdout: Compiling 1 Scala source to C:\Users\kiese\Dropbox\AIN_HTWG\5Sem\03WebTechnologien(Boger)\StrategoWeb\target\scala-2.11\classes...
Compiling 1 Scala source to C:\Users\kiese\Dropbox\AIN_HTWG\5Sem\03WebTechnologien(Boger)\StrategoWeb\target\scala-2.11\classes...
Getting compiler-interface from component compiler for Scala 2.11.7
Other repositories:
Default repositories:
Getting compiler-interface from component compiler for Scala 2.11.7
Other repositories:
Default repositories:
Running cached compiler 695a3c71, interfacing (CompilerInterface) with Scala compiler version 2.11.7
Calling Scala compiler with arguments  (CompilerInterface):
	-deprecation
	-unchecked
	-encoding
	utf8
	-bootclasspath
	C:\Program Files\Java\jre1.8.0_101\lib\resources.jar;C:\Program Files\Java\jre1.8.0_101\lib\rt.jar;C:\Program Files\Java\jre1.8.0_101\lib\sunrsasign.jar;C:\Program Files\Java\jre1.8.0_101\lib\jsse.jar;C:\Program Files\Java\jre1.8.0_101\lib\jce.jar;C:\Program Files\Java\jre1.8.0_101\lib\charsets.jar;C:\Program Files\Java\jre1.8.0_101\lib\jfr.jar;C:\Program Files\Java\jre1.8.0_101\classes;C:\Users\kiese\.ivy2\cache\org.scala-lang\scala-library\jars\scala-library-2.11.7.jar
	-classpath
	C:\Users\kiese\Dropbox\AIN_HTWG\5Sem\03WebTechnologien(Boger)\StrategoWeb\target\scala-2.11\classes;C:\Users\kiese\Dropbox\AIN_HTWG\5Sem\03WebTechnologien(Boger)\StrategoWeb\lib\strategoExe.jar;C:\Users\kiese\.ivy2\cache\com.typesafe.play\twirl-api_2.11\jars\twirl-api_2.11-1.1.1.jar;C:\Users\kiese\.ivy2\cache\org.apache.commons\commons-lang3\jars\commons-lang3-3.4.jar;C:\Users\kiese\.ivy2\cache\org.scala-lang.modules\scala-xml_2.11\bundles\scala-xml_2.11-1.0.1.jar;C:\Users\kiese\.ivy2\cache\com.typesafe.play\play-enhancer\jars\play-enhancer-1.1.0.jar;C:\Users\kiese\.ivy2\cache\com.typesafe.play\play-server_2.11\jars\play-server_2.11-2.5.8.jar;C:\Users\kiese\.ivy2\cache\com.typesafe.play\play_2.11\jars\play_2.11-2.5.8.jar;C:\Users\kiese\.ivy2\cache\com.typesafe.play\build-link\jars\build-link-2.5.8.jar;C:\Users\kiese\.ivy2\cache\com.typesafe.play\play-exceptions\jars\play-exceptions-2.5.8.jar;C:\Users\kiese\.ivy2\cache\com.typesafe.play\play-iteratees_2.11\jars\play-iteratees_2.11-2.5.8.jar;C:\Users\kiese\.ivy2\cache\org.scala-stm\scala-stm_2.11\jars\scala-stm_2.11-0.7.jar;C:\Users\kiese\.ivy2\cache\com.typesafe\config\bundles\config-1.3.0.jar;C:\Users\kiese\.ivy2\cache\com.typesafe.play\play-json_2.11\jars\play-json_2.11-2.5.8.jar;C:\Users\kiese\.ivy2\cache\com.typesafe.play\play-functional_2.11\jars\play-functional_2.11-2.5.8.jar;C:\Users\kiese\.ivy2\cache\com.typesafe.play\play-datacommons_2.11\jars\play-datacommons_2.11-2.5.8.jar;C:\Users\kiese\.ivy2\cache\joda-time\joda-time\jars\joda-time-2.9.4.jar;C:\Users\kiese\.ivy2\cache\org.joda\joda-convert\jars\joda-convert-1.8.1.jar;C:\Users\kiese\.ivy2\cache\org.scala-lang\scala-reflect\jars\scala-reflect-2.11.7.jar;C:\Users\kiese\.ivy2\cache\com.fasterxml.jackson.core\jackson-core\bundles\jackson-core-2.7.6.jar;C:\Users\kiese\.ivy2\cache\com.fasterxml.jackson.core\jackson-annotations\bundles\jackson-annotations-2.7.6.jar;C:\Users\kiese\.ivy2\cache\com.fasterxml.jackson.core\jackson-databind\bundles\jackson-databind-2.7.6.jar;C:\Users\kiese\.ivy2\cache\com.fasterxml.jackson.datatype\jackson-datatype-jdk8\bundles\jackson-datatype-jdk8-2.7.6.jar;C:\Users\kiese\.ivy2\cache\com.fasterxml.jackson.datatype\jackson-datatype-jsr310\bundles\jackson-datatype-jsr310-2.7.6.jar;C:\Users\kiese\.ivy2\cache\com.typesafe.play\play-netty-utils\jars\play-netty-utils-2.5.8.jar;C:\Users\kiese\.ivy2\cache\org.slf4j\slf4j-api\jars\slf4j-api-1.7.21.jar;C:\Users\kiese\.ivy2\cache\org.slf4j\jul-to-slf4j\jars\jul-to-slf4j-1.7.21.jar;C:\Users\kiese\.ivy2\cache\org.slf4j\jcl-over-slf4j\jars\jcl-over-slf4j-1.7.21.jar;C:\Users\kiese\.ivy2\cache\com.typesafe.play\play-streams_2.11\jars\play-streams_2.11-2.5.8.jar;C:\Users\kiese\.ivy2\cache\org.reactivestreams\reactive-streams\jars\reactive-streams-1.0.0.jar;C:\Users\kiese\.ivy2\cache\com.typesafe.akka\akka-stream_2.11\jars\akka-stream_2.11-2.4.10.jar;C:\Users\kiese\.ivy2\cache\com.typesafe.akka\akka-actor_2.11\jars\akka-actor_2.11-2.4.10.jar;C:\Users\kiese\.ivy2\cache\org.scala-lang.modules\scala-java8-compat_2.11\bundles\scala-java8-compat_2.11-0.7.0.jar;C:\Users\kiese\.ivy2\cache\com.typesafe\ssl-config-akka_2.11\bundles\ssl-config-akka_2.11-0.2.1.jar;C:\Users\kiese\.ivy2\cache\com.typesafe\ssl-config-core_2.11\bundles\ssl-config-core_2.11-0.2.1.jar;C:\Users\kiese\.ivy2\cache\org.scala-lang.modules\scala-parser-combinators_2.11\bundles\scala-parser-combinators_2.11-1.0.4.jar;C:\Users\kiese\.ivy2\cache\com.typesafe.akka\akka-slf4j_2.11\jars\akka-slf4j_2.11-2.4.10.jar;C:\Users\kiese\.ivy2\cache\commons-codec\commons-codec\jars\commons-codec-1.10.jar;C:\Users\kiese\.ivy2\cache\xerces\xercesImpl\jars\xercesImpl-2.11.0.jar;C:\Users\kiese\.ivy2\cache\xml-apis\xml-apis\jars\xml-apis-1.4.01.jar;C:\Users\kiese\.ivy2\cache\javax.transaction\jta\jars\jta-1.1.jar;C:\Users\kiese\.ivy2\cache\com.google.inject\guice\jars\guice-4.0.jar;C:\Users\kiese\.ivy2\cache\javax.inject\javax.inject\jars\javax.inject-1.jar;C:\Users\kiese\.ivy2\cache\aopalliance\aopalliance\jars\aopalliance-1.0.jar;C:\Users\kiese\.ivy2\cache\com.google.inject.extensions\guice-assistedinject\jars\guice-assistedinject-4.0.jar;C:\Users\kiese\.ivy2\cache\com.typesafe.play\play-java_2.11\jars\play-java_2.11-2.5.8.jar;C:\Users\kiese\.ivy2\cache\org.yaml\snakeyaml\bundles\snakeyaml-1.16.jar;C:\Users\kiese\.ivy2\cache\org.hibernate\hibernate-validator\jars\hibernate-validator-5.2.4.Final.jar;C:\Users\kiese\.ivy2\cache\javax.validation\validation-api\jars\validation-api-1.1.0.Final.jar;C:\Users\kiese\.ivy2\cache\org.jboss.logging\jboss-logging\jars\jboss-logging-3.2.1.Final.jar;C:\Users\kiese\.ivy2\cache\com.fasterxml\classmate\bundles\classmate-1.1.0.jar;C:\Users\kiese\.ivy2\cache\javax.el\javax.el-api\jars\javax.el-api-3.0.0.jar;C:\Users\kiese\.ivy2\cache\org.springframework\spring-context\jars\spring-context-4.2.7.RELEASE.jar;C:\Users\kiese\.ivy2\cache\org.springframework\spring-core\jars\spring-core-4.2.7.RELEASE.jar;C:\Users\kiese\.ivy2\cache\org.springframework\spring-beans\jars\spring-beans-4.2.7.RELEASE.jar;C:\Users\kiese\.ivy2\cache\org.reflections\reflections\jars\reflections-0.9.10.jar;C:\Users\kiese\.ivy2\cache\com.google.guava\guava\bundles\guava-19.0.jar;C:\Users\kiese\.ivy2\cache\net.jodah\typetools\bundles\typetools-0.4.4.jar;C:\Users\kiese\.ivy2\cache\com.google.code.findbugs\jsr305\jars\jsr305-3.0.1.jar;C:\Users\kiese\.ivy2\cache\org.apache.tomcat\tomcat-servlet-api\jars\tomcat-servlet-api-8.0.33.jar;C:\Users\kiese\.ivy2\cache\com.typesafe.play\play-netty-server_2.11\jars\play-netty-server_2.11-2.5.8.jar;C:\Users\kiese\.ivy2\cache\com.typesafe.netty\netty-reactive-streams-http\jars\netty-reactive-streams-http-1.0.8.jar;C:\Users\kiese\.ivy2\cache\com.typesafe.netty\netty-reactive-streams\jars\netty-reactive-streams-1.0.8.jar;C:\Users\kiese\.ivy2\cache\io.netty\netty-handler\jars\netty-handler-4.0.41.Final.jar;C:\Users\kiese\.ivy2\cache\io.netty\netty-buffer\jars\netty-buffer-4.0.41.Final.jar;C:\Users\kiese\.ivy2\cache\io.netty\netty-common\jars\netty-common-4.0.41.Final.jar;C:\Users\kiese\.ivy2\cache\io.netty\netty-transport\jars\netty-transport-4.0.41.Final.jar;C:\Users\kiese\.ivy2\cache\io.netty\netty-codec\jars\netty-codec-4.0.41.Final.jar;C:\Users\kiese\.ivy2\cache\io.netty\netty-codec-http\jars\netty-codec-http-4.0.41.Final.jar;C:\Users\kiese\.ivy2\cache\io.netty\netty-transport-native-epoll\jars\netty-transport-native-epoll-4.0.41.Final-linux-x86_64.jar;C:\Users\kiese\.ivy2\cache\com.typesafe.play\play-logback_2.11\jars\play-logback_2.11-2.5.8.jar;C:\Users\kiese\.ivy2\cache\ch.qos.logback\logback-classic\jars\logback-classic-1.1.7.jar;C:\Users\kiese\.ivy2\cache\ch.qos.logback\logback-core\jars\logback-core-1.1.7.jar;C:\Users\kiese\.ivy2\cache\com.typesafe.play\play-java-jdbc_2.11\jars\play-java-jdbc_2.11-2.5.8.jar;C:\Users\kiese\.ivy2\cache\com.typesafe.play\play-jdbc_2.11\jars\play-jdbc_2.11-2.5.8.jar;C:\Users\kiese\.ivy2\cache\com.typesafe.play\play-jdbc-api_2.11\jars\play-jdbc-api_2.11-2.5.8.jar;C:\Users\kiese\.ivy2\cache\com.jolbox\bonecp\bundles\bonecp-0.8.0.RELEASE.jar;C:\Users\kiese\.ivy2\cache\com.zaxxer\HikariCP\bundles\HikariCP-2.5.0.jar;C:\Users\kiese\.ivy2\cache\com.googlecode.usc\jdbcdslog\jars\jdbcdslog-1.0.6.2.jar;C:\Users\kiese\.ivy2\cache\com.h2database\h2\jars\h2-1.4.192.jar;C:\Users\kiese\.ivy2\cache\tyrex\tyrex\jars\tyrex-1.0.1.jar;C:\Users\kiese\.ivy2\cache\com.typesafe.play\play-cache_2.11\jars\play-cache_2.11-2.5.8.jar;C:\Users\kiese\.ivy2\cache\net.sf.ehcache\ehcache-core\jars\ehcache-core-2.6.11.jar;C:\Users\kiese\.ivy2\cache\com.typesafe.play\play-java-ws_2.11\jars\play-java-ws_2.11-2.5.8.jar;C:\Users\kiese\.ivy2\cache\com.typesafe.play\play-ws_2.11\jars\play-ws_2.11-2.5.8.jar;C:\Users\kiese\.ivy2\cache\org.asynchttpclient\async-http-client\jars\async-http-client-2.0.11.jar;C:\Users\kiese\.ivy2\cache\org.asynchttpclient\netty-resolver-dns\jars\netty-resolver-dns-2.0.11.jar;C:\Users\kiese\.ivy2\cache\org.asynchttpclient\netty-resolver\jars\netty-resolver-2.0.11.jar;C:\Users\kiese\.ivy2\cache\org.asynchttpclient\netty-codec-dns\jars\netty-codec-dns-2.0.11.jar;C:\Users\kiese\.ivy2\cache\org.javassist\javassist\bundles\javassist-3.20.0-GA.jar;C:\Users\kiese\.ivy2\cache\oauth.signpost\signpost-core\jars\signpost-core-1.2.1.2.jar;C:\Users\kiese\.ivy2\cache\oauth.signpost\signpost-commonshttp4\jars\signpost-commonshttp4-1.2.1.2.jar;C:\Users\kiese\.ivy2\cache\org.apache.httpcomponents\httpcore\jars\httpcore-4.0.1.jar;C:\Users\kiese\.ivy2\cache\org.apache.httpcomponents\httpclient\jars\httpclient-4.0.1.jar;C:\Users\kiese\.ivy2\cache\commons-logging\commons-logging\jars\commons-logging-1.1.1.jar
Read from stdout: C:\Users\kiese\Dropbox\AIN_HTWG\5Sem\03WebTechnologien(Boger)\StrategoWeb\app\views\strategoWui.scala.html:21: not found: value controllerFieldHeight
C:\Users\kiese\Dropbox\AIN_HTWG\5Sem\03WebTechnologien(Boger)\StrategoWeb\app\views\strategoWui.scala.html:21: not found: value controllerFieldHeight
Read from stdout: @for(column <- 0 until controllerFieldHeight()) {
                @for(column <- 0 until controllerFieldHeight()) {
Read from stdout: ^
                                       ^
Read from stdout: one error found
one error found
Compilation failed (CompilerInterface)
Read from stdout: (compile:compileIncremental) Compilation failed
(compile:compileIncremental) Compilation failed
Total time: 2 s, completed 19.10.2016 17:59:20
> server-post-command-error-handler
> server-post-command-cleanup
> server-handle-next-server-request
> compile
Evaluating tasks: compile:compile
Running task... Cancel: sbt.server.ServerTaskCancellation@4887a005, check cycles: false

Initial source changes: 
	removed:Set()
	added: Set()
	modified: Set(C:\Users\kiese\Dropbox\AIN_HTWG\5Sem\03WebTechnologien(Boger)\StrategoWeb\target\scala-2.11\twirl\main\views\html\strategoWui.template.scala)
Removed products: Set()
External API changes: API Changes: Set()
Modified binary dependencies: Set()
Initial directly invalidated sources: Set(C:\Users\kiese\Dropbox\AIN_HTWG\5Sem\03WebTechnologien(Boger)\StrategoWeb\target\scala-2.11\twirl\main\views\html\strategoWui.template.scala)

Sources indirectly invalidated by:
	product: Set()
	binary dep: Set()
	external source: Set()
All initially invalidated sources: Set(C:\Users\kiese\Dropbox\AIN_HTWG\5Sem\03WebTechnologien(Boger)\StrategoWeb\target\scala-2.11\twirl\main\views\html\strategoWui.template.scala)

Read from stdout: Compiling 1 Scala source to C:\Users\kiese\Dropbox\AIN_HTWG\5Sem\03WebTechnologien(Boger)\StrategoWeb\target\scala-2.11\classes...
Compiling 1 Scala source to C:\Users\kiese\Dropbox\AIN_HTWG\5Sem\03WebTechnologien(Boger)\StrategoWeb\target\scala-2.11\classes...
Getting compiler-interface from component compiler for Scala 2.11.7
Other repositories:
Default repositories:
Getting compiler-interface from component compiler for Scala 2.11.7
Other repositories:
Default repositories:
Running cached compiler 54e30423, interfacing (CompilerInterface) with Scala compiler version 2.11.7
Calling Scala compiler with arguments  (CompilerInterface):
	-deprecation
	-unchecked
	-encoding
	utf8
	-bootclasspath
	C:\Program Files\Java\jre1.8.0_101\lib\resources.jar;C:\Program Files\Java\jre1.8.0_101\lib\rt.jar;C:\Program Files\Java\jre1.8.0_101\lib\sunrsasign.jar;C:\Program Files\Java\jre1.8.0_101\lib\jsse.jar;C:\Program Files\Java\jre1.8.0_101\lib\jce.jar;C:\Program Files\Java\jre1.8.0_101\lib\charsets.jar;C:\Program Files\Java\jre1.8.0_101\lib\jfr.jar;C:\Program Files\Java\jre1.8.0_101\classes;C:\Users\kiese\.ivy2\cache\org.scala-lang\scala-library\jars\scala-library-2.11.7.jar
	-classpath
	C:\Users\kiese\Dropbox\AIN_HTWG\5Sem\03WebTechnologien(Boger)\StrategoWeb\target\scala-2.11\classes;C:\Users\kiese\Dropbox\AIN_HTWG\5Sem\03WebTechnologien(Boger)\StrategoWeb\lib\strategoExe.jar;C:\Users\kiese\.ivy2\cache\com.typesafe.play\twirl-api_2.11\jars\twirl-api_2.11-1.1.1.jar;C:\Users\kiese\.ivy2\cache\org.apache.commons\commons-lang3\jars\commons-lang3-3.4.jar;C:\Users\kiese\.ivy2\cache\org.scala-lang.modules\scala-xml_2.11\bundles\scala-xml_2.11-1.0.1.jar;C:\Users\kiese\.ivy2\cache\com.typesafe.play\play-enhancer\jars\play-enhancer-1.1.0.jar;C:\Users\kiese\.ivy2\cache\com.typesafe.play\play-server_2.11\jars\play-server_2.11-2.5.8.jar;C:\Users\kiese\.ivy2\cache\com.typesafe.play\play_2.11\jars\play_2.11-2.5.8.jar;C:\Users\kiese\.ivy2\cache\com.typesafe.play\build-link\jars\build-link-2.5.8.jar;C:\Users\kiese\.ivy2\cache\com.typesafe.play\play-exceptions\jars\play-exceptions-2.5.8.jar;C:\Users\kiese\.ivy2\cache\com.typesafe.play\play-iteratees_2.11\jars\play-iteratees_2.11-2.5.8.jar;C:\Users\kiese\.ivy2\cache\org.scala-stm\scala-stm_2.11\jars\scala-stm_2.11-0.7.jar;C:\Users\kiese\.ivy2\cache\com.typesafe\config\bundles\config-1.3.0.jar;C:\Users\kiese\.ivy2\cache\com.typesafe.play\play-json_2.11\jars\play-json_2.11-2.5.8.jar;C:\Users\kiese\.ivy2\cache\com.typesafe.play\play-functional_2.11\jars\play-functional_2.11-2.5.8.jar;C:\Users\kiese\.ivy2\cache\com.typesafe.play\play-datacommons_2.11\jars\play-datacommons_2.11-2.5.8.jar;C:\Users\kiese\.ivy2\cache\joda-time\joda-time\jars\joda-time-2.9.4.jar;C:\Users\kiese\.ivy2\cache\org.joda\joda-convert\jars\joda-convert-1.8.1.jar;C:\Users\kiese\.ivy2\cache\org.scala-lang\scala-reflect\jars\scala-reflect-2.11.7.jar;C:\Users\kiese\.ivy2\cache\com.fasterxml.jackson.core\jackson-core\bundles\jackson-core-2.7.6.jar;C:\Users\kiese\.ivy2\cache\com.fasterxml.jackson.core\jackson-annotations\bundles\jackson-annotations-2.7.6.jar;C:\Users\kiese\.ivy2\cache\com.fasterxml.jackson.core\jackson-databind\bundles\jackson-databind-2.7.6.jar;C:\Users\kiese\.ivy2\cache\com.fasterxml.jackson.datatype\jackson-datatype-jdk8\bundles\jackson-datatype-jdk8-2.7.6.jar;C:\Users\kiese\.ivy2\cache\com.fasterxml.jackson.datatype\jackson-datatype-jsr310\bundles\jackson-datatype-jsr310-2.7.6.jar;C:\Users\kiese\.ivy2\cache\com.typesafe.play\play-netty-utils\jars\play-netty-utils-2.5.8.jar;C:\Users\kiese\.ivy2\cache\org.slf4j\slf4j-api\jars\slf4j-api-1.7.21.jar;C:\Users\kiese\.ivy2\cache\org.slf4j\jul-to-slf4j\jars\jul-to-slf4j-1.7.21.jar;C:\Users\kiese\.ivy2\cache\org.slf4j\jcl-over-slf4j\jars\jcl-over-slf4j-1.7.21.jar;C:\Users\kiese\.ivy2\cache\com.typesafe.play\play-streams_2.11\jars\play-streams_2.11-2.5.8.jar;C:\Users\kiese\.ivy2\cache\org.reactivestreams\reactive-streams\jars\reactive-streams-1.0.0.jar;C:\Users\kiese\.ivy2\cache\com.typesafe.akka\akka-stream_2.11\jars\akka-stream_2.11-2.4.10.jar;C:\Users\kiese\.ivy2\cache\com.typesafe.akka\akka-actor_2.11\jars\akka-actor_2.11-2.4.10.jar;C:\Users\kiese\.ivy2\cache\org.scala-lang.modules\scala-java8-compat_2.11\bundles\scala-java8-compat_2.11-0.7.0.jar;C:\Users\kiese\.ivy2\cache\com.typesafe\ssl-config-akka_2.11\bundles\ssl-config-akka_2.11-0.2.1.jar;C:\Users\kiese\.ivy2\cache\com.typesafe\ssl-config-core_2.11\bundles\ssl-config-core_2.11-0.2.1.jar;C:\Users\kiese\.ivy2\cache\org.scala-lang.modules\scala-parser-combinators_2.11\bundles\scala-parser-combinators_2.11-1.0.4.jar;C:\Users\kiese\.ivy2\cache\com.typesafe.akka\akka-slf4j_2.11\jars\akka-slf4j_2.11-2.4.10.jar;C:\Users\kiese\.ivy2\cache\commons-codec\commons-codec\jars\commons-codec-1.10.jar;C:\Users\kiese\.ivy2\cache\xerces\xercesImpl\jars\xercesImpl-2.11.0.jar;C:\Users\kiese\.ivy2\cache\xml-apis\xml-apis\jars\xml-apis-1.4.01.jar;C:\Users\kiese\.ivy2\cache\javax.transaction\jta\jars\jta-1.1.jar;C:\Users\kiese\.ivy2\cache\com.google.inject\guice\jars\guice-4.0.jar;C:\Users\kiese\.ivy2\cache\javax.inject\javax.inject\jars\javax.inject-1.jar;C:\Users\kiese\.ivy2\cache\aopalliance\aopalliance\jars\aopalliance-1.0.jar;C:\Users\kiese\.ivy2\cache\com.google.inject.extensions\guice-assistedinject\jars\guice-assistedinject-4.0.jar;C:\Users\kiese\.ivy2\cache\com.typesafe.play\play-java_2.11\jars\play-java_2.11-2.5.8.jar;C:\Users\kiese\.ivy2\cache\org.yaml\snakeyaml\bundles\snakeyaml-1.16.jar;C:\Users\kiese\.ivy2\cache\org.hibernate\hibernate-validator\jars\hibernate-validator-5.2.4.Final.jar;C:\Users\kiese\.ivy2\cache\javax.validation\validation-api\jars\validation-api-1.1.0.Final.jar;C:\Users\kiese\.ivy2\cache\org.jboss.logging\jboss-logging\jars\jboss-logging-3.2.1.Final.jar;C:\Users\kiese\.ivy2\cache\com.fasterxml\classmate\bundles\classmate-1.1.0.jar;C:\Users\kiese\.ivy2\cache\javax.el\javax.el-api\jars\javax.el-api-3.0.0.jar;C:\Users\kiese\.ivy2\cache\org.springframework\spring-context\jars\spring-context-4.2.7.RELEASE.jar;C:\Users\kiese\.ivy2\cache\org.springframework\spring-core\jars\spring-core-4.2.7.RELEASE.jar;C:\Users\kiese\.ivy2\cache\org.springframework\spring-beans\jars\spring-beans-4.2.7.RELEASE.jar;C:\Users\kiese\.ivy2\cache\org.reflections\reflections\jars\reflections-0.9.10.jar;C:\Users\kiese\.ivy2\cache\com.google.guava\guava\bundles\guava-19.0.jar;C:\Users\kiese\.ivy2\cache\net.jodah\typetools\bundles\typetools-0.4.4.jar;C:\Users\kiese\.ivy2\cache\com.google.code.findbugs\jsr305\jars\jsr305-3.0.1.jar;C:\Users\kiese\.ivy2\cache\org.apache.tomcat\tomcat-servlet-api\jars\tomcat-servlet-api-8.0.33.jar;C:\Users\kiese\.ivy2\cache\com.typesafe.play\play-netty-server_2.11\jars\play-netty-server_2.11-2.5.8.jar;C:\Users\kiese\.ivy2\cache\com.typesafe.netty\netty-reactive-streams-http\jars\netty-reactive-streams-http-1.0.8.jar;C:\Users\kiese\.ivy2\cache\com.typesafe.netty\netty-reactive-streams\jars\netty-reactive-streams-1.0.8.jar;C:\Users\kiese\.ivy2\cache\io.netty\netty-handler\jars\netty-handler-4.0.41.Final.jar;C:\Users\kiese\.ivy2\cache\io.netty\netty-buffer\jars\netty-buffer-4.0.41.Final.jar;C:\Users\kiese\.ivy2\cache\io.netty\netty-common\jars\netty-common-4.0.41.Final.jar;C:\Users\kiese\.ivy2\cache\io.netty\netty-transport\jars\netty-transport-4.0.41.Final.jar;C:\Users\kiese\.ivy2\cache\io.netty\netty-codec\jars\netty-codec-4.0.41.Final.jar;C:\Users\kiese\.ivy2\cache\io.netty\netty-codec-http\jars\netty-codec-http-4.0.41.Final.jar;C:\Users\kiese\.ivy2\cache\io.netty\netty-transport-native-epoll\jars\netty-transport-native-epoll-4.0.41.Final-linux-x86_64.jar;C:\Users\kiese\.ivy2\cache\com.typesafe.play\play-logback_2.11\jars\play-logback_2.11-2.5.8.jar;C:\Users\kiese\.ivy2\cache\ch.qos.logback\logback-classic\jars\logback-classic-1.1.7.jar;C:\Users\kiese\.ivy2\cache\ch.qos.logback\logback-core\jars\logback-core-1.1.7.jar;C:\Users\kiese\.ivy2\cache\com.typesafe.play\play-java-jdbc_2.11\jars\play-java-jdbc_2.11-2.5.8.jar;C:\Users\kiese\.ivy2\cache\com.typesafe.play\play-jdbc_2.11\jars\play-jdbc_2.11-2.5.8.jar;C:\Users\kiese\.ivy2\cache\com.typesafe.play\play-jdbc-api_2.11\jars\play-jdbc-api_2.11-2.5.8.jar;C:\Users\kiese\.ivy2\cache\com.jolbox\bonecp\bundles\bonecp-0.8.0.RELEASE.jar;C:\Users\kiese\.ivy2\cache\com.zaxxer\HikariCP\bundles\HikariCP-2.5.0.jar;C:\Users\kiese\.ivy2\cache\com.googlecode.usc\jdbcdslog\jars\jdbcdslog-1.0.6.2.jar;C:\Users\kiese\.ivy2\cache\com.h2database\h2\jars\h2-1.4.192.jar;C:\Users\kiese\.ivy2\cache\tyrex\tyrex\jars\tyrex-1.0.1.jar;C:\Users\kiese\.ivy2\cache\com.typesafe.play\play-cache_2.11\jars\play-cache_2.11-2.5.8.jar;C:\Users\kiese\.ivy2\cache\net.sf.ehcache\ehcache-core\jars\ehcache-core-2.6.11.jar;C:\Users\kiese\.ivy2\cache\com.typesafe.play\play-java-ws_2.11\jars\play-java-ws_2.11-2.5.8.jar;C:\Users\kiese\.ivy2\cache\com.typesafe.play\play-ws_2.11\jars\play-ws_2.11-2.5.8.jar;C:\Users\kiese\.ivy2\cache\org.asynchttpclient\async-http-client\jars\async-http-client-2.0.11.jar;C:\Users\kiese\.ivy2\cache\org.asynchttpclient\netty-resolver-dns\jars\netty-resolver-dns-2.0.11.jar;C:\Users\kiese\.ivy2\cache\org.asynchttpclient\netty-resolver\jars\netty-resolver-2.0.11.jar;C:\Users\kiese\.ivy2\cache\org.asynchttpclient\netty-codec-dns\jars\netty-codec-dns-2.0.11.jar;C:\Users\kiese\.ivy2\cache\org.javassist\javassist\bundles\javassist-3.20.0-GA.jar;C:\Users\kiese\.ivy2\cache\oauth.signpost\signpost-core\jars\signpost-core-1.2.1.2.jar;C:\Users\kiese\.ivy2\cache\oauth.signpost\signpost-commonshttp4\jars\signpost-commonshttp4-1.2.1.2.jar;C:\Users\kiese\.ivy2\cache\org.apache.httpcomponents\httpcore\jars\httpcore-4.0.1.jar;C:\Users\kiese\.ivy2\cache\org.apache.httpcomponents\httpclient\jars\httpclient-4.0.1.jar;C:\Users\kiese\.ivy2\cache\commons-logging\commons-logging\jars\commons-logging-1.1.1.jar
Read from stdout: C:\Users\kiese\Dropbox\AIN_HTWG\5Sem\03WebTechnologien(Boger)\StrategoWeb\app\views\strategoWui.scala.html:21: value FieldHeight is not a member of de.htwg.stratego.controller.IStrategoController
C:\Users\kiese\Dropbox\AIN_HTWG\5Sem\03WebTechnologien(Boger)\StrategoWeb\app\views\strategoWui.scala.html:21: value FieldHeight is not a member of de.htwg.stratego.controller.IStrategoController
Read from stdout: @for(column <- 0 until controller.FieldHeight()) {
                @for(column <- 0 until controller.FieldHeight()) {
Read from stdout: ^
                                                  ^
Read from stdout: one error found
one error found
Compilation failed (CompilerInterface)
Read from stdout: (compile:compileIncremental) Compilation failed
(compile:compileIncremental) Compilation failed
Total time: 1 s, completed 19.10.2016 18:00:29
> server-post-command-error-handler
> server-post-command-cleanup
> server-handle-next-server-request
> compile
Evaluating tasks: compile:compile
Running task... Cancel: sbt.server.ServerTaskCancellation@6872b085, check cycles: false

Initial source changes: 
	removed:Set()
	added: Set()
	modified: Set(C:\Users\kiese\Dropbox\AIN_HTWG\5Sem\03WebTechnologien(Boger)\StrategoWeb\target\scala-2.11\twirl\main\views\html\strategoWui.template.scala)
Removed products: Set()
External API changes: API Changes: Set()
Modified binary dependencies: Set()
Initial directly invalidated sources: Set(C:\Users\kiese\Dropbox\AIN_HTWG\5Sem\03WebTechnologien(Boger)\StrategoWeb\target\scala-2.11\twirl\main\views\html\strategoWui.template.scala)

Sources indirectly invalidated by:
	product: Set()
	binary dep: Set()
	external source: Set()
All initially invalidated sources: Set(C:\Users\kiese\Dropbox\AIN_HTWG\5Sem\03WebTechnologien(Boger)\StrategoWeb\target\scala-2.11\twirl\main\views\html\strategoWui.template.scala)

Read from stdout: Compiling 1 Scala source to C:\Users\kiese\Dropbox\AIN_HTWG\5Sem\03WebTechnologien(Boger)\StrategoWeb\target\scala-2.11\classes...
Compiling 1 Scala source to C:\Users\kiese\Dropbox\AIN_HTWG\5Sem\03WebTechnologien(Boger)\StrategoWeb\target\scala-2.11\classes...
Getting compiler-interface from component compiler for Scala 2.11.7
Other repositories:
Default repositories:
Getting compiler-interface from component compiler for Scala 2.11.7
Other repositories:
Default repositories:
Running cached compiler cd7a007, interfacing (CompilerInterface) with Scala compiler version 2.11.7
Calling Scala compiler with arguments  (CompilerInterface):
	-deprecation
	-unchecked
	-encoding
	utf8
	-bootclasspath
	C:\Program Files\Java\jre1.8.0_101\lib\resources.jar;C:\Program Files\Java\jre1.8.0_101\lib\rt.jar;C:\Program Files\Java\jre1.8.0_101\lib\sunrsasign.jar;C:\Program Files\Java\jre1.8.0_101\lib\jsse.jar;C:\Program Files\Java\jre1.8.0_101\lib\jce.jar;C:\Program Files\Java\jre1.8.0_101\lib\charsets.jar;C:\Program Files\Java\jre1.8.0_101\lib\jfr.jar;C:\Program Files\Java\jre1.8.0_101\classes;C:\Users\kiese\.ivy2\cache\org.scala-lang\scala-library\jars\scala-library-2.11.7.jar
	-classpath
	C:\Users\kiese\Dropbox\AIN_HTWG\5Sem\03WebTechnologien(Boger)\StrategoWeb\target\scala-2.11\classes;C:\Users\kiese\Dropbox\AIN_HTWG\5Sem\03WebTechnologien(Boger)\StrategoWeb\lib\strategoExe.jar;C:\Users\kiese\.ivy2\cache\com.typesafe.play\twirl-api_2.11\jars\twirl-api_2.11-1.1.1.jar;C:\Users\kiese\.ivy2\cache\org.apache.commons\commons-lang3\jars\commons-lang3-3.4.jar;C:\Users\kiese\.ivy2\cache\org.scala-lang.modules\scala-xml_2.11\bundles\scala-xml_2.11-1.0.1.jar;C:\Users\kiese\.ivy2\cache\com.typesafe.play\play-enhancer\jars\play-enhancer-1.1.0.jar;C:\Users\kiese\.ivy2\cache\com.typesafe.play\play-server_2.11\jars\play-server_2.11-2.5.8.jar;C:\Users\kiese\.ivy2\cache\com.typesafe.play\play_2.11\jars\play_2.11-2.5.8.jar;C:\Users\kiese\.ivy2\cache\com.typesafe.play\build-link\jars\build-link-2.5.8.jar;C:\Users\kiese\.ivy2\cache\com.typesafe.play\play-exceptions\jars\play-exceptions-2.5.8.jar;C:\Users\kiese\.ivy2\cache\com.typesafe.play\play-iteratees_2.11\jars\play-iteratees_2.11-2.5.8.jar;C:\Users\kiese\.ivy2\cache\org.scala-stm\scala-stm_2.11\jars\scala-stm_2.11-0.7.jar;C:\Users\kiese\.ivy2\cache\com.typesafe\config\bundles\config-1.3.0.jar;C:\Users\kiese\.ivy2\cache\com.typesafe.play\play-json_2.11\jars\play-json_2.11-2.5.8.jar;C:\Users\kiese\.ivy2\cache\com.typesafe.play\play-functional_2.11\jars\play-functional_2.11-2.5.8.jar;C:\Users\kiese\.ivy2\cache\com.typesafe.play\play-datacommons_2.11\jars\play-datacommons_2.11-2.5.8.jar;C:\Users\kiese\.ivy2\cache\joda-time\joda-time\jars\joda-time-2.9.4.jar;C:\Users\kiese\.ivy2\cache\org.joda\joda-convert\jars\joda-convert-1.8.1.jar;C:\Users\kiese\.ivy2\cache\org.scala-lang\scala-reflect\jars\scala-reflect-2.11.7.jar;C:\Users\kiese\.ivy2\cache\com.fasterxml.jackson.core\jackson-core\bundles\jackson-core-2.7.6.jar;C:\Users\kiese\.ivy2\cache\com.fasterxml.jackson.core\jackson-annotations\bundles\jackson-annotations-2.7.6.jar;C:\Users\kiese\.ivy2\cache\com.fasterxml.jackson.core\jackson-databind\bundles\jackson-databind-2.7.6.jar;C:\Users\kiese\.ivy2\cache\com.fasterxml.jackson.datatype\jackson-datatype-jdk8\bundles\jackson-datatype-jdk8-2.7.6.jar;C:\Users\kiese\.ivy2\cache\com.fasterxml.jackson.datatype\jackson-datatype-jsr310\bundles\jackson-datatype-jsr310-2.7.6.jar;C:\Users\kiese\.ivy2\cache\com.typesafe.play\play-netty-utils\jars\play-netty-utils-2.5.8.jar;C:\Users\kiese\.ivy2\cache\org.slf4j\slf4j-api\jars\slf4j-api-1.7.21.jar;C:\Users\kiese\.ivy2\cache\org.slf4j\jul-to-slf4j\jars\jul-to-slf4j-1.7.21.jar;C:\Users\kiese\.ivy2\cache\org.slf4j\jcl-over-slf4j\jars\jcl-over-slf4j-1.7.21.jar;C:\Users\kiese\.ivy2\cache\com.typesafe.play\play-streams_2.11\jars\play-streams_2.11-2.5.8.jar;C:\Users\kiese\.ivy2\cache\org.reactivestreams\reactive-streams\jars\reactive-streams-1.0.0.jar;C:\Users\kiese\.ivy2\cache\com.typesafe.akka\akka-stream_2.11\jars\akka-stream_2.11-2.4.10.jar;C:\Users\kiese\.ivy2\cache\com.typesafe.akka\akka-actor_2.11\jars\akka-actor_2.11-2.4.10.jar;C:\Users\kiese\.ivy2\cache\org.scala-lang.modules\scala-java8-compat_2.11\bundles\scala-java8-compat_2.11-0.7.0.jar;C:\Users\kiese\.ivy2\cache\com.typesafe\ssl-config-akka_2.11\bundles\ssl-config-akka_2.11-0.2.1.jar;C:\Users\kiese\.ivy2\cache\com.typesafe\ssl-config-core_2.11\bundles\ssl-config-core_2.11-0.2.1.jar;C:\Users\kiese\.ivy2\cache\org.scala-lang.modules\scala-parser-combinators_2.11\bundles\scala-parser-combinators_2.11-1.0.4.jar;C:\Users\kiese\.ivy2\cache\com.typesafe.akka\akka-slf4j_2.11\jars\akka-slf4j_2.11-2.4.10.jar;C:\Users\kiese\.ivy2\cache\commons-codec\commons-codec\jars\commons-codec-1.10.jar;C:\Users\kiese\.ivy2\cache\xerces\xercesImpl\jars\xercesImpl-2.11.0.jar;C:\Users\kiese\.ivy2\cache\xml-apis\xml-apis\jars\xml-apis-1.4.01.jar;C:\Users\kiese\.ivy2\cache\javax.transaction\jta\jars\jta-1.1.jar;C:\Users\kiese\.ivy2\cache\com.google.inject\guice\jars\guice-4.0.jar;C:\Users\kiese\.ivy2\cache\javax.inject\javax.inject\jars\javax.inject-1.jar;C:\Users\kiese\.ivy2\cache\aopalliance\aopalliance\jars\aopalliance-1.0.jar;C:\Users\kiese\.ivy2\cache\com.google.inject.extensions\guice-assistedinject\jars\guice-assistedinject-4.0.jar;C:\Users\kiese\.ivy2\cache\com.typesafe.play\play-java_2.11\jars\play-java_2.11-2.5.8.jar;C:\Users\kiese\.ivy2\cache\org.yaml\snakeyaml\bundles\snakeyaml-1.16.jar;C:\Users\kiese\.ivy2\cache\org.hibernate\hibernate-validator\jars\hibernate-validator-5.2.4.Final.jar;C:\Users\kiese\.ivy2\cache\javax.validation\validation-api\jars\validation-api-1.1.0.Final.jar;C:\Users\kiese\.ivy2\cache\org.jboss.logging\jboss-logging\jars\jboss-logging-3.2.1.Final.jar;C:\Users\kiese\.ivy2\cache\com.fasterxml\classmate\bundles\classmate-1.1.0.jar;C:\Users\kiese\.ivy2\cache\javax.el\javax.el-api\jars\javax.el-api-3.0.0.jar;C:\Users\kiese\.ivy2\cache\org.springframework\spring-context\jars\spring-context-4.2.7.RELEASE.jar;C:\Users\kiese\.ivy2\cache\org.springframework\spring-core\jars\spring-core-4.2.7.RELEASE.jar;C:\Users\kiese\.ivy2\cache\org.springframework\spring-beans\jars\spring-beans-4.2.7.RELEASE.jar;C:\Users\kiese\.ivy2\cache\org.reflections\reflections\jars\reflections-0.9.10.jar;C:\Users\kiese\.ivy2\cache\com.google.guava\guava\bundles\guava-19.0.jar;C:\Users\kiese\.ivy2\cache\net.jodah\typetools\bundles\typetools-0.4.4.jar;C:\Users\kiese\.ivy2\cache\com.google.code.findbugs\jsr305\jars\jsr305-3.0.1.jar;C:\Users\kiese\.ivy2\cache\org.apache.tomcat\tomcat-servlet-api\jars\tomcat-servlet-api-8.0.33.jar;C:\Users\kiese\.ivy2\cache\com.typesafe.play\play-netty-server_2.11\jars\play-netty-server_2.11-2.5.8.jar;C:\Users\kiese\.ivy2\cache\com.typesafe.netty\netty-reactive-streams-http\jars\netty-reactive-streams-http-1.0.8.jar;C:\Users\kiese\.ivy2\cache\com.typesafe.netty\netty-reactive-streams\jars\netty-reactive-streams-1.0.8.jar;C:\Users\kiese\.ivy2\cache\io.netty\netty-handler\jars\netty-handler-4.0.41.Final.jar;C:\Users\kiese\.ivy2\cache\io.netty\netty-buffer\jars\netty-buffer-4.0.41.Final.jar;C:\Users\kiese\.ivy2\cache\io.netty\netty-common\jars\netty-common-4.0.41.Final.jar;C:\Users\kiese\.ivy2\cache\io.netty\netty-transport\jars\netty-transport-4.0.41.Final.jar;C:\Users\kiese\.ivy2\cache\io.netty\netty-codec\jars\netty-codec-4.0.41.Final.jar;C:\Users\kiese\.ivy2\cache\io.netty\netty-codec-http\jars\netty-codec-http-4.0.41.Final.jar;C:\Users\kiese\.ivy2\cache\io.netty\netty-transport-native-epoll\jars\netty-transport-native-epoll-4.0.41.Final-linux-x86_64.jar;C:\Users\kiese\.ivy2\cache\com.typesafe.play\play-logback_2.11\jars\play-logback_2.11-2.5.8.jar;C:\Users\kiese\.ivy2\cache\ch.qos.logback\logback-classic\jars\logback-classic-1.1.7.jar;C:\Users\kiese\.ivy2\cache\ch.qos.logback\logback-core\jars\logback-core-1.1.7.jar;C:\Users\kiese\.ivy2\cache\com.typesafe.play\play-java-jdbc_2.11\jars\play-java-jdbc_2.11-2.5.8.jar;C:\Users\kiese\.ivy2\cache\com.typesafe.play\play-jdbc_2.11\jars\play-jdbc_2.11-2.5.8.jar;C:\Users\kiese\.ivy2\cache\com.typesafe.play\play-jdbc-api_2.11\jars\play-jdbc-api_2.11-2.5.8.jar;C:\Users\kiese\.ivy2\cache\com.jolbox\bonecp\bundles\bonecp-0.8.0.RELEASE.jar;C:\Users\kiese\.ivy2\cache\com.zaxxer\HikariCP\bundles\HikariCP-2.5.0.jar;C:\Users\kiese\.ivy2\cache\com.googlecode.usc\jdbcdslog\jars\jdbcdslog-1.0.6.2.jar;C:\Users\kiese\.ivy2\cache\com.h2database\h2\jars\h2-1.4.192.jar;C:\Users\kiese\.ivy2\cache\tyrex\tyrex\jars\tyrex-1.0.1.jar;C:\Users\kiese\.ivy2\cache\com.typesafe.play\play-cache_2.11\jars\play-cache_2.11-2.5.8.jar;C:\Users\kiese\.ivy2\cache\net.sf.ehcache\ehcache-core\jars\ehcache-core-2.6.11.jar;C:\Users\kiese\.ivy2\cache\com.typesafe.play\play-java-ws_2.11\jars\play-java-ws_2.11-2.5.8.jar;C:\Users\kiese\.ivy2\cache\com.typesafe.play\play-ws_2.11\jars\play-ws_2.11-2.5.8.jar;C:\Users\kiese\.ivy2\cache\org.asynchttpclient\async-http-client\jars\async-http-client-2.0.11.jar;C:\Users\kiese\.ivy2\cache\org.asynchttpclient\netty-resolver-dns\jars\netty-resolver-dns-2.0.11.jar;C:\Users\kiese\.ivy2\cache\org.asynchttpclient\netty-resolver\jars\netty-resolver-2.0.11.jar;C:\Users\kiese\.ivy2\cache\org.asynchttpclient\netty-codec-dns\jars\netty-codec-dns-2.0.11.jar;C:\Users\kiese\.ivy2\cache\org.javassist\javassist\bundles\javassist-3.20.0-GA.jar;C:\Users\kiese\.ivy2\cache\oauth.signpost\signpost-core\jars\signpost-core-1.2.1.2.jar;C:\Users\kiese\.ivy2\cache\oauth.signpost\signpost-commonshttp4\jars\signpost-commonshttp4-1.2.1.2.jar;C:\Users\kiese\.ivy2\cache\org.apache.httpcomponents\httpcore\jars\httpcore-4.0.1.jar;C:\Users\kiese\.ivy2\cache\org.apache.httpcomponents\httpclient\jars\httpclient-4.0.1.jar;C:\Users\kiese\.ivy2\cache\commons-logging\commons-logging\jars\commons-logging-1.1.1.jar
Scala compilation took 1.611531611 s
New invalidations:
	Set()
Initial set of included nodes: Set()
Previously invalidated, but (transitively) depend on new invalidations:
	Set()
All newly invalidated sources after taking into account (previously) recompiled sources:Set()
Total time: 2 s, completed 19.10.2016 18:01:19
> server-post-command-cleanup
> server-handle-next-server-request
> {file:/C:/Users/kiese/Dropbox/AIN_HTWG/5Sem/03WebTechnologien(Boger)/StrategoWeb/}root/*:playForkReload
Evaluating tasks: *:playForkReload
Running task... Cancel: sbt.server.ServerTaskCancellation@74fa7133, check cycles: false

Initial source changes: 
	removed:Set()
	added: Set()
	modified: Set()
Removed products: Set()
External API changes: API Changes: Set()
Modified binary dependencies: Set()
Initial directly invalidated sources: Set()

Sources indirectly invalidated by:
	product: Set()
	binary dep: Set()
	external source: Set()
All initially invalidated sources: Set()

Copy resource mappings: 
	(C:\Users\kiese\Dropbox\AIN_HTWG\5Sem\03WebTechnologien(Boger)\StrategoWeb\conf\application.conf,C:\Users\kiese\Dropbox\AIN_HTWG\5Sem\03WebTechnologien(Boger)\StrategoWeb\target\scala-2.11\classes\application.conf)
	(C:\Users\kiese\Dropbox\AIN_HTWG\5Sem\03WebTechnologien(Boger)\StrategoWeb\conf\logback.xml,C:\Users\kiese\Dropbox\AIN_HTWG\5Sem\03WebTechnologien(Boger)\StrategoWeb\target\scala-2.11\classes\logback.xml)
	(C:\Users\kiese\Dropbox\AIN_HTWG\5Sem\03WebTechnologien(Boger)\StrategoWeb\conf\routes,C:\Users\kiese\Dropbox\AIN_HTWG\5Sem\03WebTechnologien(Boger)\StrategoWeb\target\scala-2.11\classes\routes)
Total time: 1 s, completed 19.10.2016 18:01:28
> server-post-command-cleanup
> server-handle-next-server-request
Done executing sbt server engine, result Right(Exit(0))
Closing listening server socket
Waiting for socket thread
Waiting for request processor thread
Waiting for command engine result
Returning control to sbt launcher with result Exit(0)
Closing the 21180@DESKTOP-093DMDB logs at Wed Oct 19 18:08:59 CEST 2016, goodbye.
